2026-03-09 12:39:06,990  INFO      Polling interval: 10.0 s
2026-03-09 12:39:07,045  INFO      Opening VISA resource: USB0::0x1313::0x8075::P5007554::0::INSTR
2026-03-09 12:40:03,650  INFO      Polling interval: 10.0 s
2026-03-09 12:40:03,690  INFO      Opening VISA resource: USB0::0x1313::0x8075::P5007554::0::INSTR
2026-03-09 12:44:45,535  INFO      Polling interval: 10.0 s
2026-03-09 12:44:49,571  INFO      Polling interval: 10.0 s
2026-03-09 12:45:11,103  INFO      Polling interval: 10.0 s
2026-03-09 12:45:17,160  INFO      Polling interval: 10.0 s
2026-03-09 12:48:00,559  INFO      Loading driver DLL: C:\Program Files\IVI Foundation\VISA\Win64\Bin\TLTSP_64.dll
2026-03-09 12:48:00,565  INFO      Using function prefix: TLTSP_*
2026-03-09 13:13:48,609  INFO      Loading driver DLL: C:\Program Files\IVI Foundation\VISA\Win64\Bin\TLTSP_64.dll
2026-03-09 13:13:48,611  INFO      Using function prefix: TLTSP_*
2026-03-09 13:15:19,726  INFO      Polling interval: 10.0 s
2026-03-09 13:15:19,726  INFO      Loading driver DLL: C:\Program Files\IVI Foundation\VISA\Win64\Bin\TLTSP_64.dll
2026-03-09 13:15:19,728  INFO      Using function prefix: TLTSP_*
2026-03-09 13:16:42,198  INFO      Polling interval: 10.0 s
2026-03-09 13:16:42,199  INFO      Loading driver DLL: C:\Program Files\IVI Foundation\VISA\Win64\Bin\TLTSP_64.dll
2026-03-09 13:16:42,201  INFO      Using function prefix: TLTSP_*
2026-03-09 13:17:03,484  INFO      Polling interval: 10.0 s
2026-03-09 13:17:03,485  INFO      Loading driver DLL: C:\Program Files\IVI Foundation\VISA\Win64\Bin\TLTSP_64.dll
2026-03-09 13:17:03,487  INFO      Using function prefix: TLTSP_*
2026-03-09 13:17:13,383  INFO      Polling interval: 10.0 s
2026-03-09 13:17:13,383  INFO      Loading driver DLL: C:\Program Files\IVI Foundation\VISA\Win64\Bin\TLTSP_64.dll
2026-03-09 13:17:13,385  INFO      Using function prefix: TLTSP_*
2026-03-09 13:19:32,661  INFO      Loading driver DLL: C:\Program Files\IVI Foundation\VISA\Win64\Bin\TLTSP_64.dll
2026-03-09 13:19:32,663  INFO      Using function prefix: TLTSP_*
2026-03-09 13:22:02,724  INFO      Loading driver DLL: C:\Program Files\IVI Foundation\VISA\Win64\Bin\TLTSP_64.dll
2026-03-09 13:22:02,726  INFO      Using function prefix: TLTSP_*
2026-03-09 13:22:10,298  INFO      Polling interval: 10.0 s
2026-03-09 13:22:10,299  INFO      Loading driver DLL: C:\Program Files\IVI Foundation\VISA\Win64\Bin\TLTSP_64.dll
2026-03-09 13:22:10,301  INFO      Using function prefix: TLTSP_*
2026-03-09 13:35:43,317  INFO      Loading driver DLL: C:\Program Files\IVI Foundation\VISA\Win64\Bin\TLTSPB_64.dll
2026-03-09 13:35:43,319  INFO      Using function prefix: TLTSPB_*
2026-03-09 13:35:56,950  INFO      Polling interval: 10.0 s
2026-03-09 13:35:56,950  INFO      Loading driver DLL: C:\Program Files\IVI Foundation\VISA\Win64\Bin\TLTSPB_64.dll
2026-03-09 13:35:56,951  INFO      Using function prefix: TLTSPB_*
2026-03-09 13:37:08,231  INFO      Polling interval: 10.0 s
2026-03-09 13:37:08,231  INFO      Loading driver DLL: C:\Program Files\IVI Foundation\VISA\Win64\Bin\TLTSPB_64.dll
2026-03-09 13:37:08,232  INFO      Using function prefix: TLTSPB_*
2026-03-09 13:37:08,533  INFO      TSP01 initialised (handle=1)
2026-03-09 13:37:08,536  INFO      InfluxDB connected: http://localhost:8086  bucket=LabEnvironment  org=Deeplight
2026-03-09 13:37:08,848  WARNING   Read error (1/5): type object 'WritePrecision' has no attribute 'SECONDS'
2026-03-09 13:37:39,157  WARNING   Read error (2/5): type object 'WritePrecision' has no attribute 'SECONDS'
2026-03-09 13:38:09,469  WARNING   Read error (3/5): type object 'WritePrecision' has no attribute 'SECONDS'
2026-03-09 13:38:14,569  INFO      Shutdown signal received – stopping after current iteration.
2026-03-09 13:38:14,816  INFO      Shutdown signal received – stopping after current iteration.
2026-03-09 13:38:14,975  INFO      Shutdown signal received – stopping after current iteration.
2026-03-09 13:38:15,176  INFO      Shutdown signal received – stopping after current iteration.
2026-03-09 13:38:15,355  INFO      Shutdown signal received – stopping after current iteration.
2026-03-09 13:38:15,558  INFO      Shutdown signal received – stopping after current iteration.
2026-03-09 13:38:15,783  INFO      Shutdown signal received – stopping after current iteration.
2026-03-09 13:38:16,290  INFO      Shutdown signal received – stopping after current iteration.
2026-03-09 13:38:16,324  INFO      Shutdown signal received – stopping after current iteration.
2026-03-09 13:38:16,356  INFO      Shutdown signal received – stopping after current iteration.
2026-03-09 13:38:16,390  INFO      Shutdown signal received – stopping after current iteration.
2026-03-09 13:38:16,425  INFO      Shutdown signal received – stopping after current iteration.
2026-03-09 13:38:16,456  INFO      Shutdown signal received – stopping after current iteration.
2026-03-09 13:38:16,490  INFO      Shutdown signal received – stopping after current iteration.
2026-03-09 13:38:16,522  INFO      Shutdown signal received – stopping after current iteration.
2026-03-09 13:38:16,557  INFO      Shutdown signal received – stopping after current iteration.
2026-03-09 13:38:16,589  INFO      Shutdown signal received – stopping after current iteration.
2026-03-09 13:38:16,624  INFO      Shutdown signal received – stopping after current iteration.
2026-03-09 13:38:16,658  INFO      Shutdown signal received – stopping after current iteration.
2026-03-09 13:38:16,690  INFO      Shutdown signal received – stopping after current iteration.
2026-03-09 13:38:16,724  INFO      Shutdown signal received – stopping after current iteration.
2026-03-09 13:38:16,757  INFO      Shutdown signal received – stopping after current iteration.
2026-03-09 13:38:16,788  INFO      Shutdown signal received – stopping after current iteration.
2026-03-09 13:38:16,824  INFO      Shutdown signal received – stopping after current iteration.
2026-03-09 13:38:16,857  INFO      Shutdown signal received – stopping after current iteration.
2026-03-09 13:38:16,889  INFO      Shutdown signal received – stopping after current iteration.
2026-03-09 13:38:16,924  INFO      Shutdown signal received – stopping after current iteration.
2026-03-09 13:38:39,467  INFO      InfluxDB connection closed.
2026-03-09 13:38:39,467  INFO      TSP01 connection closed.
2026-03-09 13:38:39,467  INFO      Logger stopped.
2026-03-09 13:45:29,657  INFO      Polling interval: 10.0 s
2026-03-09 13:45:29,658  INFO      Loading driver DLL: C:\Program Files\IVI Foundation\VISA\Win64\Bin\TLTSPB_64.dll
2026-03-09 13:45:29,658  INFO      Using function prefix: TLTSPB_*
2026-03-09 13:45:29,960  INFO      TSP01 initialised (handle=1)
2026-03-09 13:45:29,964  INFO      InfluxDB connected: http://localhost:8086  bucket=LabEnvironment  org=Deeplight
2026-03-09 13:45:30,302  INFO      T_int=23.335 °C  RH=30.12 %  T_ext=22.398 °C
2026-03-09 13:45:40,318  INFO      T_int=23.328 °C  RH=30.22 %  T_ext=22.423 °C
2026-03-09 13:45:50,319  INFO      T_int=23.333 °C  RH=30.22 %  T_ext=22.372 °C
2026-03-09 13:46:00,316  INFO      T_int=23.328 °C  RH=30.22 %  T_ext=22.347 °C
2026-03-09 13:46:10,317  INFO      T_int=23.335 °C  RH=30.32 %  T_ext=22.322 °C
2026-03-09 13:46:20,318  INFO      T_int=23.333 °C  RH=30.32 %  T_ext=22.347 °C
2026-03-09 13:46:30,316  INFO      T_int=23.330 °C  RH=30.42 %  T_ext=22.322 °C
2026-03-09 13:46:40,316  INFO      T_int=23.325 °C  RH=30.42 %  T_ext=22.322 °C
2026-03-09 13:46:50,315  INFO      T_int=23.328 °C  RH=30.42 %  T_ext=22.297 °C
2026-03-09 13:47:00,331  INFO      T_int=23.318 °C  RH=30.52 %  T_ext=22.297 °C
2026-03-09 13:47:10,343  INFO      T_int=23.308 °C  RH=30.52 %  T_ext=22.272 °C
2026-03-09 13:47:20,340  INFO      T_int=23.300 °C  RH=30.52 %  T_ext=22.272 °C
2026-03-09 13:47:30,338  INFO      T_int=23.303 °C  RH=30.52 %  T_ext=22.272 °C
2026-03-09 13:47:40,336  INFO      T_int=23.288 °C  RH=30.52 %  T_ext=22.222 °C
2026-03-09 13:47:50,333  INFO      T_int=23.288 °C  RH=30.62 %  T_ext=22.222 °C
2026-03-09 13:48:00,332  INFO      T_int=23.275 °C  RH=30.62 %  T_ext=22.196 °C
2026-03-09 13:48:10,330  INFO      T_int=23.275 °C  RH=30.72 %  T_ext=22.222 °C
2026-03-09 13:48:20,346  INFO      T_int=23.275 °C  RH=30.72 %  T_ext=22.222 °C
2026-03-09 13:48:30,346  INFO      T_int=23.270 °C  RH=30.72 %  T_ext=22.222 °C
2026-03-09 13:48:40,346  INFO      T_int=23.260 °C  RH=30.80 %  T_ext=22.222 °C
2026-03-09 13:48:50,346  INFO      T_int=23.262 °C  RH=30.82 %  T_ext=22.196 °C
2026-03-09 13:49:00,345  INFO      T_int=23.265 °C  RH=30.82 %  T_ext=22.222 °C
2026-03-09 13:49:10,358  INFO      T_int=23.262 °C  RH=30.82 %  T_ext=22.222 °C
2026-03-09 13:49:20,356  INFO      T_int=23.260 °C  RH=30.82 %  T_ext=22.222 °C
2026-03-09 13:49:30,353  INFO      T_int=23.260 °C  RH=30.82 %  T_ext=22.222 °C
2026-03-09 13:49:40,353  INFO      T_int=23.262 °C  RH=30.82 %  T_ext=22.222 °C
2026-03-09 13:49:50,352  INFO      T_int=23.265 °C  RH=30.72 %  T_ext=22.196 °C
2026-03-09 13:50:00,352  INFO      T_int=23.270 °C  RH=30.72 %  T_ext=22.222 °C
2026-03-09 13:50:10,351  INFO      T_int=23.275 °C  RH=30.70 %  T_ext=22.247 °C
2026-03-09 13:50:20,350  INFO      T_int=23.288 °C  RH=30.62 %  T_ext=22.272 °C
2026-03-09 13:50:30,350  INFO      T_int=23.305 °C  RH=30.66 %  T_ext=22.247 °C
2026-03-09 13:50:40,349  INFO      T_int=23.323 °C  RH=30.66 %  T_ext=22.272 °C
2026-03-09 13:50:50,353  INFO      T_int=23.338 °C  RH=30.64 %  T_ext=22.272 °C
2026-03-09 13:51:00,357  INFO      T_int=23.361 °C  RH=30.66 %  T_ext=22.297 °C
2026-03-09 13:51:10,354  INFO      T_int=23.388 °C  RH=30.62 %  T_ext=22.347 °C
2026-03-09 13:51:20,356  INFO      T_int=23.409 °C  RH=30.58 %  T_ext=22.372 °C
2026-03-09 13:51:30,356  INFO      T_int=23.441 °C  RH=30.51 %  T_ext=22.372 °C
2026-03-09 13:51:40,355  INFO      T_int=23.456 °C  RH=30.41 %  T_ext=22.398 °C
2026-03-09 13:51:50,353  INFO      T_int=23.479 °C  RH=30.41 %  T_ext=22.448 °C
2026-03-09 13:52:00,350  INFO      T_int=23.509 °C  RH=30.41 %  T_ext=22.448 °C
2026-03-09 13:52:10,348  INFO      T_int=23.529 °C  RH=30.41 %  T_ext=22.473 °C
2026-03-09 13:52:20,347  INFO      T_int=23.552 °C  RH=30.41 %  T_ext=22.473 °C
2026-03-09 13:52:30,345  INFO      T_int=23.572 °C  RH=30.51 %  T_ext=22.498 °C
2026-03-09 13:52:40,343  INFO      T_int=23.597 °C  RH=30.43 %  T_ext=22.498 °C
2026-03-09 13:52:50,355  INFO      T_int=23.623 °C  RH=30.41 %  T_ext=22.498 °C
2026-03-09 13:53:00,358  INFO      T_int=23.633 °C  RH=30.37 %  T_ext=22.523 °C
2026-03-09 13:53:10,340  INFO      T_int=23.660 °C  RH=30.29 %  T_ext=22.523 °C
2026-03-09 13:53:20,353  INFO      T_int=23.685 °C  RH=30.29 %  T_ext=22.548 °C
2026-03-09 13:53:30,368  INFO      T_int=23.701 °C  RH=30.29 %  T_ext=22.573 °C
2026-03-09 13:53:40,364  INFO      T_int=23.731 °C  RH=30.27 %  T_ext=22.573 °C
2026-03-09 13:53:50,361  INFO      T_int=23.751 °C  RH=30.19 %  T_ext=22.573 °C
2026-03-09 13:54:00,362  INFO      T_int=23.776 °C  RH=30.19 %  T_ext=22.573 °C
2026-03-09 13:54:10,362  INFO      T_int=23.789 °C  RH=30.19 %  T_ext=22.598 °C
2026-03-09 13:54:20,363  INFO      T_int=23.811 °C  RH=30.19 %  T_ext=22.573 °C
2026-03-09 13:54:30,362  INFO      T_int=23.824 °C  RH=30.19 %  T_ext=22.623 °C
2026-03-09 13:54:40,361  INFO      T_int=23.847 °C  RH=30.19 %  T_ext=22.623 °C
2026-03-09 13:54:50,362  INFO      T_int=23.854 °C  RH=30.18 %  T_ext=22.648 °C
2026-03-09 13:55:00,363  INFO      T_int=23.872 °C  RH=30.18 %  T_ext=22.623 °C
2026-03-09 13:55:10,366  INFO      T_int=23.887 °C  RH=30.18 %  T_ext=22.648 °C
2026-03-09 13:55:20,347  INFO      T_int=23.894 °C  RH=30.07 %  T_ext=22.648 °C
2026-03-09 13:55:30,363  INFO      T_int=23.912 °C  RH=30.05 %  T_ext=22.648 °C
2026-03-09 13:55:40,376  INFO      T_int=23.925 °C  RH=29.97 %  T_ext=22.673 °C
2026-03-09 13:55:50,390  INFO      T_int=23.950 °C  RH=29.97 %  T_ext=22.673 °C
2026-03-09 13:56:00,387  INFO      T_int=23.962 °C  RH=29.97 %  T_ext=22.698 °C
2026-03-09 13:56:10,398  INFO      T_int=23.978 °C  RH=29.97 %  T_ext=22.673 °C
2026-03-09 13:56:20,381  INFO      T_int=23.998 °C  RH=29.97 %  T_ext=22.673 °C
2026-03-09 13:56:30,377  INFO      T_int=24.008 °C  RH=29.97 %  T_ext=22.673 °C
2026-03-09 13:56:40,382  INFO      T_int=24.023 °C  RH=29.95 %  T_ext=22.698 °C
2026-03-09 13:56:50,377  INFO      T_int=24.035 °C  RH=29.97 %  T_ext=22.673 °C
2026-03-09 13:57:00,374  INFO      T_int=24.051 °C  RH=29.97 %  T_ext=22.673 °C
2026-03-09 13:57:10,390  INFO      T_int=24.066 °C  RH=29.97 %  T_ext=22.673 °C
2026-03-09 13:57:20,389  INFO      T_int=24.083 °C  RH=29.97 %  T_ext=22.673 °C
2026-03-09 13:57:30,404  INFO      T_int=24.088 °C  RH=29.97 %  T_ext=22.698 °C
2026-03-09 13:57:40,401  INFO      T_int=24.098 °C  RH=30.00 %  T_ext=22.698 °C
2026-03-09 13:57:50,399  INFO      T_int=24.103 °C  RH=29.96 %  T_ext=22.723 °C
2026-03-09 13:58:00,396  INFO      T_int=24.113 °C  RH=29.96 %  T_ext=22.698 °C
2026-03-09 13:58:10,393  INFO      T_int=24.124 °C  RH=29.96 %  T_ext=22.723 °C
2026-03-09 13:58:20,390  INFO      T_int=24.146 °C  RH=29.96 %  T_ext=22.748 °C
2026-03-09 13:58:30,386  INFO      T_int=24.161 °C  RH=29.98 %  T_ext=22.748 °C
2026-03-09 13:58:40,404  INFO      T_int=24.159 °C  RH=30.06 %  T_ext=22.748 °C
2026-03-09 13:58:50,386  INFO      T_int=24.174 °C  RH=30.06 %  T_ext=22.723 °C
2026-03-09 13:59:00,398  INFO      T_int=24.184 °C  RH=30.06 %  T_ext=22.723 °C
2026-03-09 13:59:10,394  INFO      T_int=24.194 °C  RH=30.06 %  T_ext=22.723 °C
2026-03-09 13:59:20,392  INFO      T_int=24.204 °C  RH=30.06 %  T_ext=22.748 °C
2026-03-09 13:59:30,388  INFO      T_int=24.214 °C  RH=30.06 %  T_ext=22.748 °C
2026-03-09 13:59:40,389  INFO      T_int=24.224 °C  RH=30.06 %  T_ext=22.748 °C
2026-03-09 13:59:50,387  INFO      T_int=24.234 °C  RH=30.06 %  T_ext=22.748 °C
2026-03-09 14:00:00,384  INFO      T_int=24.254 °C  RH=30.06 %  T_ext=22.748 °C
2026-03-09 14:00:10,402  INFO      T_int=24.257 °C  RH=30.06 %  T_ext=22.748 °C
2026-03-09 14:00:20,388  INFO      T_int=24.265 °C  RH=30.02 %  T_ext=22.748 °C
2026-03-09 14:00:30,384  INFO      T_int=24.262 °C  RH=29.96 %  T_ext=22.773 °C
2026-03-09 14:00:40,400  INFO      T_int=24.280 °C  RH=29.96 %  T_ext=22.773 °C
2026-03-09 14:00:50,386  INFO      T_int=24.280 °C  RH=29.96 %  T_ext=22.773 °C
2026-03-09 14:01:00,391  INFO      T_int=24.287 °C  RH=29.96 %  T_ext=22.773 °C
2026-03-09 14:01:10,392  INFO      T_int=24.290 °C  RH=29.96 %  T_ext=22.773 °C
2026-03-09 14:01:20,390  INFO      T_int=24.302 °C  RH=29.96 %  T_ext=22.798 °C
2026-03-09 14:01:30,391  INFO      T_int=24.310 °C  RH=30.06 %  T_ext=22.773 °C
2026-03-09 14:01:40,389  INFO      T_int=24.322 °C  RH=30.06 %  T_ext=22.773 °C
2026-03-09 14:01:50,388  INFO      T_int=24.335 °C  RH=30.06 %  T_ext=22.773 °C
2026-03-09 14:02:00,393  INFO      T_int=24.343 °C  RH=30.04 %  T_ext=22.773 °C
2026-03-09 14:02:10,392  INFO      T_int=24.353 °C  RH=30.04 %  T_ext=22.773 °C
2026-03-09 14:02:20,388  INFO      T_int=24.373 °C  RH=30.04 %  T_ext=22.773 °C
2026-03-09 14:02:30,386  INFO      T_int=24.378 °C  RH=30.04 %  T_ext=22.773 °C
2026-03-09 14:02:40,384  INFO      T_int=24.390 °C  RH=30.04 %  T_ext=22.773 °C
2026-03-09 14:02:50,383  INFO      T_int=24.390 °C  RH=30.04 %  T_ext=22.798 °C
2026-03-09 14:03:00,380  INFO      T_int=24.393 °C  RH=30.04 %  T_ext=22.773 °C
2026-03-09 14:03:10,395  INFO      T_int=24.395 °C  RH=30.04 %  T_ext=22.798 °C
2026-03-09 14:03:20,393  INFO      T_int=24.403 °C  RH=30.06 %  T_ext=22.823 °C
2026-03-09 14:03:30,389  INFO      T_int=24.408 °C  RH=30.12 %  T_ext=22.823 °C
2026-03-09 14:03:40,385  INFO      T_int=24.423 °C  RH=30.15 %  T_ext=22.823 °C
2026-03-09 14:03:50,383  INFO      T_int=24.418 °C  RH=30.15 %  T_ext=22.823 °C
2026-03-09 14:04:00,408  INFO      T_int=24.438 °C  RH=30.15 %  T_ext=22.848 °C
2026-03-09 14:04:10,392  INFO      T_int=24.441 °C  RH=30.15 %  T_ext=22.823 °C
2026-03-09 14:04:20,390  INFO      T_int=24.446 °C  RH=30.15 %  T_ext=22.823 °C
2026-03-09 14:04:30,398  INFO      T_int=24.446 °C  RH=30.15 %  T_ext=22.798 °C
2026-03-09 14:04:40,381  INFO      T_int=24.461 °C  RH=30.15 %  T_ext=22.798 °C
2026-03-09 14:04:50,377  INFO      T_int=24.458 °C  RH=30.15 %  T_ext=22.798 °C
2026-03-09 14:05:00,390  INFO      T_int=24.476 °C  RH=30.04 %  T_ext=22.798 °C
2026-03-09 14:05:10,385  INFO      T_int=24.486 °C  RH=30.04 %  T_ext=22.823 °C
2026-03-09 14:05:20,380  INFO      T_int=24.499 °C  RH=30.04 %  T_ext=22.798 °C
2026-03-09 14:05:30,381  INFO      T_int=24.506 °C  RH=30.00 %  T_ext=22.823 °C
2026-03-09 14:05:40,378  INFO      T_int=24.519 °C  RH=29.94 %  T_ext=22.798 °C
2026-03-09 14:05:50,389  INFO      T_int=24.524 °C  RH=29.94 %  T_ext=22.823 °C
2026-03-09 14:06:00,386  INFO      T_int=24.534 °C  RH=29.94 %  T_ext=22.848 °C
2026-03-09 14:06:10,383  INFO      T_int=24.547 °C  RH=29.85 %  T_ext=22.873 °C
2026-03-09 14:06:20,385  INFO      T_int=24.557 °C  RH=29.85 %  T_ext=22.848 °C
2026-03-09 14:06:30,386  INFO      T_int=24.557 °C  RH=29.75 %  T_ext=22.848 °C
2026-03-09 14:06:40,382  INFO      T_int=24.552 °C  RH=29.73 %  T_ext=22.873 °C
2026-03-09 14:06:50,339  INFO      T_int=24.557 °C  RH=29.64 %  T_ext=22.898 °C
2026-03-09 14:07:00,383  INFO      T_int=24.557 °C  RH=29.64 %  T_ext=22.873 °C
2026-03-09 14:07:10,380  INFO      T_int=24.557 °C  RH=29.55 %  T_ext=22.873 °C
2026-03-09 14:07:20,375  INFO      T_int=24.557 °C  RH=29.55 %  T_ext=22.898 °C
2026-03-09 14:07:30,388  INFO      T_int=24.569 °C  RH=29.56 %  T_ext=22.873 °C
2026-03-09 14:07:40,387  INFO      T_int=24.577 °C  RH=29.55 %  T_ext=22.873 °C
2026-03-09 14:07:50,381  INFO      T_int=24.582 °C  RH=29.53 %  T_ext=22.848 °C
2026-03-09 14:08:00,378  INFO      T_int=24.589 °C  RH=29.53 %  T_ext=22.873 °C
2026-03-09 14:08:10,392  INFO      T_int=24.594 °C  RH=29.53 %  T_ext=22.848 °C
2026-03-09 14:08:20,413  INFO      T_int=24.594 °C  RH=29.53 %  T_ext=22.848 °C
2026-03-09 14:08:30,379  INFO      T_int=24.589 °C  RH=29.53 %  T_ext=22.848 °C
2026-03-09 14:08:40,377  INFO      T_int=24.594 °C  RH=29.53 %  T_ext=22.848 °C
2026-03-09 14:08:50,393  INFO      T_int=24.597 °C  RH=29.53 %  T_ext=22.848 °C
2026-03-09 14:09:00,405  INFO      T_int=24.594 °C  RH=29.53 %  T_ext=22.873 °C
2026-03-09 14:09:10,406  INFO      T_int=24.597 °C  RH=29.43 %  T_ext=22.848 °C
2026-03-09 14:09:20,404  INFO      T_int=24.604 °C  RH=29.43 %  T_ext=22.823 °C
2026-03-09 14:09:30,404  INFO      T_int=24.604 °C  RH=29.33 %  T_ext=22.848 °C
2026-03-09 14:09:40,401  INFO      T_int=24.607 °C  RH=29.33 %  T_ext=22.848 °C
2026-03-09 14:09:50,403  INFO      T_int=24.620 °C  RH=29.33 %  T_ext=22.848 °C
2026-03-09 14:10:00,403  INFO      T_int=24.612 °C  RH=29.33 %  T_ext=22.848 °C
2026-03-09 14:10:10,403  INFO      T_int=24.617 °C  RH=29.23 %  T_ext=22.848 °C
2026-03-09 14:10:20,403  INFO      T_int=24.622 °C  RH=29.23 %  T_ext=22.823 °C
2026-03-09 14:10:30,402  INFO      T_int=24.620 °C  RH=29.13 %  T_ext=22.848 °C
2026-03-09 14:10:40,400  INFO      T_int=24.617 °C  RH=29.13 %  T_ext=22.848 °C
2026-03-09 14:10:50,398  INFO      T_int=24.617 °C  RH=29.13 %  T_ext=22.848 °C
2026-03-09 14:11:00,399  INFO      T_int=24.617 °C  RH=29.13 %  T_ext=22.848 °C
2026-03-09 14:11:10,396  INFO      T_int=24.622 °C  RH=29.13 %  T_ext=22.823 °C
2026-03-09 14:11:20,395  INFO      T_int=24.627 °C  RH=29.13 %  T_ext=22.848 °C
2026-03-09 14:11:30,393  INFO      T_int=24.637 °C  RH=29.11 %  T_ext=22.848 °C
2026-03-09 14:11:40,391  INFO      T_int=24.635 °C  RH=29.03 %  T_ext=22.848 °C
2026-03-09 14:11:50,388  INFO      T_int=24.637 °C  RH=29.03 %  T_ext=22.848 °C
2026-03-09 14:12:00,403  INFO      T_int=24.637 °C  RH=29.03 %  T_ext=22.898 °C
2026-03-09 14:12:10,416  INFO      T_int=24.645 °C  RH=28.94 %  T_ext=22.873 °C
2026-03-09 14:12:20,430  INFO      T_int=24.640 °C  RH=28.94 %  T_ext=22.898 °C
2026-03-09 14:12:30,426  INFO      T_int=24.637 °C  RH=28.94 %  T_ext=22.873 °C
2026-03-09 14:12:40,424  INFO      T_int=24.637 °C  RH=28.83 %  T_ext=22.873 °C
2026-03-09 14:12:50,420  INFO      T_int=24.627 °C  RH=28.83 %  T_ext=22.848 °C
2026-03-09 14:13:00,420  INFO      T_int=24.617 °C  RH=28.81 %  T_ext=22.848 °C
2026-03-09 14:13:10,417  INFO      T_int=24.612 °C  RH=28.74 %  T_ext=22.848 °C
2026-03-09 14:13:20,416  INFO      T_int=24.587 °C  RH=28.74 %  T_ext=22.823 °C
2026-03-09 14:13:30,431  INFO      T_int=24.567 °C  RH=28.74 %  T_ext=22.823 °C
2026-03-09 14:13:40,443  INFO      T_int=24.557 °C  RH=28.75 %  T_ext=22.798 °C
2026-03-09 14:13:50,456  INFO      T_int=24.526 °C  RH=28.77 %  T_ext=22.773 °C
2026-03-09 14:14:00,457  INFO      T_int=24.516 °C  RH=28.81 %  T_ext=22.773 °C
2026-03-09 14:14:10,457  INFO      T_int=24.484 °C  RH=28.75 %  T_ext=22.773 °C
2026-03-09 14:14:20,455  INFO      T_int=24.448 °C  RH=28.77 %  T_ext=22.748 °C
2026-03-09 14:14:30,456  INFO      T_int=24.423 °C  RH=28.75 %  T_ext=22.748 °C
2026-03-09 14:14:40,464  INFO      T_int=24.400 °C  RH=28.75 %  T_ext=22.698 °C
2026-03-09 14:14:50,446  INFO      T_int=24.375 °C  RH=28.75 %  T_ext=22.673 °C
2026-03-09 14:15:00,446  INFO      T_int=24.348 °C  RH=28.75 %  T_ext=22.698 °C
2026-03-09 14:15:10,442  INFO      T_int=24.310 °C  RH=28.77 %  T_ext=22.673 °C
2026-03-09 14:15:20,460  INFO      T_int=24.272 °C  RH=28.77 %  T_ext=22.648 °C
2026-03-09 14:15:30,441  INFO      T_int=24.247 °C  RH=28.77 %  T_ext=22.623 °C
2026-03-09 14:15:40,462  INFO      T_int=24.224 °C  RH=28.77 %  T_ext=22.598 °C
2026-03-09 14:15:50,443  INFO      T_int=24.197 °C  RH=28.66 %  T_ext=22.548 °C
2026-03-09 14:16:00,459  INFO      T_int=24.171 °C  RH=28.56 %  T_ext=22.548 °C
2026-03-09 14:16:10,472  INFO      T_int=24.151 °C  RH=28.56 %  T_ext=22.573 °C
2026-03-09 14:16:20,470  INFO      T_int=24.118 °C  RH=28.56 %  T_ext=22.548 °C
2026-03-09 14:16:30,470  INFO      T_int=24.101 °C  RH=28.57 %  T_ext=22.573 °C
2026-03-09 14:16:39,027  INFO      Shutdown signal received – stopping after current iteration.
2026-03-09 14:16:39,253  INFO      Shutdown signal received – stopping after current iteration.
2026-03-09 14:16:39,409  INFO      Shutdown signal received – stopping after current iteration.
2026-03-09 14:16:39,567  INFO      Shutdown signal received – stopping after current iteration.
2026-03-09 14:16:39,747  INFO      Shutdown signal received – stopping after current iteration.
2026-03-09 14:16:40,111  INFO      InfluxDB connection closed.
2026-03-09 14:16:40,111  INFO      TSP01 connection closed.
2026-03-09 14:16:40,111  INFO      Logger stopped.
2026-03-09 14:18:49,001  INFO      Polling interval: 10.0 s
2026-03-09 14:18:49,001  INFO      Loading driver DLL: C:\Program Files\IVI Foundation\VISA\Win64\Bin\TLTSPB_64.dll
2026-03-09 14:18:49,002  INFO      Using function prefix: TLTSPB_*
2026-03-09 14:18:49,304  INFO      TSP01 initialised (handle=1)
2026-03-09 14:18:49,308  INFO      InfluxDB connected: http://localhost:8086  bucket=LabEnvironment  org=Deeplight
2026-03-09 14:18:49,629  INFO      T_int=23.796 °C  RH=28.83 %  T_ext=22.473 °C
2026-03-09 14:18:59,657  INFO      T_int=23.784 °C  RH=28.80 %  T_ext=22.448 °C
2026-03-09 14:19:09,667  INFO      T_int=23.766 °C  RH=28.80 %  T_ext=22.423 °C
2026-03-09 14:19:19,667  INFO      T_int=23.733 °C  RH=28.83 %  T_ext=22.448 °C
2026-03-09 14:19:29,665  INFO      T_int=23.718 °C  RH=28.89 %  T_ext=22.473 °C
2026-03-09 14:19:39,664  INFO      T_int=23.701 °C  RH=28.95 %  T_ext=22.473 °C
2026-03-09 14:19:49,664  INFO      T_int=23.688 °C  RH=28.99 %  T_ext=22.448 °C
2026-03-09 14:19:59,658  INFO      T_int=23.665 °C  RH=29.10 %  T_ext=22.423 °C
2026-03-09 14:20:09,675  INFO      T_int=23.648 °C  RH=29.10 %  T_ext=22.423 °C
2026-03-09 14:20:19,674  INFO      T_int=23.630 °C  RH=29.11 %  T_ext=22.423 °C
2026-03-09 14:20:29,688  INFO      T_int=23.610 °C  RH=29.11 %  T_ext=22.423 °C
2026-03-09 14:20:39,687  INFO      T_int=23.600 °C  RH=29.11 %  T_ext=22.347 °C
2026-03-09 14:20:49,686  INFO      T_int=23.590 °C  RH=29.11 %  T_ext=22.398 °C
2026-03-09 14:20:59,684  INFO      T_int=23.580 °C  RH=29.11 %  T_ext=22.372 °C
2026-03-09 14:21:09,686  INFO      T_int=23.565 °C  RH=29.11 %  T_ext=22.423 °C
2026-03-09 14:21:19,684  INFO      T_int=23.557 °C  RH=29.17 %  T_ext=22.423 °C
2026-03-09 14:21:29,682  INFO      T_int=23.544 °C  RH=29.21 %  T_ext=22.423 °C
2026-03-09 14:21:39,680  INFO      T_int=23.539 °C  RH=29.23 %  T_ext=22.398 °C
2026-03-09 14:21:49,683  INFO      T_int=23.529 °C  RH=29.31 %  T_ext=22.423 °C
2026-03-09 14:21:59,683  INFO      T_int=23.519 °C  RH=29.31 %  T_ext=22.372 °C
2026-03-09 14:22:09,683  INFO      T_int=23.512 °C  RH=29.31 %  T_ext=22.372 °C
2026-03-09 14:22:19,682  INFO      T_int=23.509 °C  RH=29.31 %  T_ext=22.398 °C
2026-03-09 14:22:29,682  INFO      T_int=23.509 °C  RH=29.31 %  T_ext=22.372 °C
2026-03-09 14:22:39,679  INFO      T_int=23.509 °C  RH=29.31 %  T_ext=22.347 °C
2026-03-09 14:22:49,677  INFO      T_int=23.504 °C  RH=29.31 %  T_ext=22.347 °C
2026-03-09 14:22:59,675  INFO      T_int=23.489 °C  RH=29.21 %  T_ext=22.372 °C
2026-03-09 14:23:09,674  INFO      T_int=23.489 °C  RH=29.21 %  T_ext=22.347 °C
2026-03-09 14:23:19,670  INFO      T_int=23.482 °C  RH=29.11 %  T_ext=22.322 °C
2026-03-09 14:23:29,682  INFO      T_int=23.479 °C  RH=29.11 %  T_ext=22.322 °C
2026-03-09 14:23:39,679  INFO      T_int=23.474 °C  RH=29.03 %  T_ext=22.347 °C
2026-03-09 14:23:49,679  INFO      T_int=23.469 °C  RH=29.11 %  T_ext=22.372 °C
2026-03-09 14:23:59,677  INFO      T_int=23.456 °C  RH=29.09 %  T_ext=22.398 °C
2026-03-09 14:24:09,675  INFO      T_int=23.446 °C  RH=29.01 %  T_ext=22.423 °C
2026-03-09 14:24:19,676  INFO      T_int=23.439 °C  RH=29.01 %  T_ext=22.372 °C
2026-03-09 14:24:29,765  INFO      T_int=23.436 °C  RH=28.99 %  T_ext=22.372 °C
2026-03-09 14:24:39,689  INFO      T_int=23.421 °C  RH=28.99 %  T_ext=22.372 °C
2026-03-09 14:24:49,687  INFO      T_int=23.409 °C  RH=29.01 %  T_ext=22.398 °C
2026-03-09 14:24:59,700  INFO      T_int=23.398 °C  RH=28.96 %  T_ext=22.423 °C
2026-03-09 14:25:09,714  INFO      T_int=23.391 °C  RH=28.92 %  T_ext=22.398 °C
2026-03-09 14:25:19,711  INFO      T_int=23.378 °C  RH=28.92 %  T_ext=22.322 °C
2026-03-09 14:25:29,709  INFO      T_int=23.371 °C  RH=28.92 %  T_ext=22.322 °C
2026-03-09 14:25:39,706  INFO      T_int=23.358 °C  RH=28.90 %  T_ext=22.322 °C
2026-03-09 14:25:49,707  INFO      T_int=23.341 °C  RH=28.82 %  T_ext=22.322 °C
2026-03-09 14:25:59,707  INFO      T_int=23.335 °C  RH=28.72 %  T_ext=22.297 °C
2026-03-09 14:26:09,705  INFO      T_int=23.333 °C  RH=28.63 %  T_ext=22.297 °C
2026-03-09 14:26:19,709  INFO      T_int=23.330 °C  RH=28.63 %  T_ext=22.297 °C
2026-03-09 14:26:29,733  INFO      T_int=23.323 °C  RH=28.52 %  T_ext=22.272 °C
2026-03-09 14:26:39,713  INFO      T_int=23.320 °C  RH=28.52 %  T_ext=22.297 °C
2026-03-09 14:26:49,729  INFO      T_int=23.318 °C  RH=28.52 %  T_ext=22.272 °C
2026-03-09 14:26:59,731  INFO      T_int=23.318 °C  RH=28.50 %  T_ext=22.297 °C
2026-03-09 14:27:09,752  INFO      T_int=23.300 °C  RH=28.42 %  T_ext=22.297 °C
2026-03-09 14:27:19,735  INFO      T_int=23.318 °C  RH=28.33 %  T_ext=22.297 °C
2026-03-09 14:27:29,732  INFO      T_int=23.308 °C  RH=28.26 %  T_ext=22.272 °C
2026-03-09 14:27:39,734  INFO      T_int=23.290 °C  RH=28.22 %  T_ext=22.272 °C
2026-03-09 14:27:49,730  INFO      T_int=23.293 °C  RH=28.13 %  T_ext=22.297 °C
2026-03-09 14:27:59,727  INFO      T_int=23.293 °C  RH=28.13 %  T_ext=22.297 °C
2026-03-09 14:28:09,724  INFO      T_int=23.290 °C  RH=28.03 %  T_ext=22.322 °C
2026-03-09 14:28:19,723  INFO      T_int=23.290 °C  RH=28.03 %  T_ext=22.272 °C
2026-03-09 14:28:29,720  INFO      T_int=23.288 °C  RH=28.03 %  T_ext=22.322 °C
2026-03-09 14:28:39,732  INFO      T_int=23.288 °C  RH=27.98 %  T_ext=22.322 °C
2026-03-09 14:28:49,729  INFO      T_int=23.290 °C  RH=28.01 %  T_ext=22.297 °C
2026-03-09 14:28:59,727  INFO      T_int=23.283 °C  RH=28.03 %  T_ext=22.322 °C
2026-03-09 14:29:09,728  INFO      T_int=23.278 °C  RH=27.92 %  T_ext=22.347 °C
2026-03-09 14:29:19,724  INFO      T_int=23.288 °C  RH=27.92 %  T_ext=22.347 °C
2026-03-09 14:29:29,722  INFO      T_int=23.275 °C  RH=27.83 %  T_ext=22.322 °C
2026-03-09 14:29:39,718  INFO      T_int=23.275 °C  RH=27.83 %  T_ext=22.272 °C
2026-03-09 14:29:49,714  INFO      T_int=23.275 °C  RH=27.83 %  T_ext=22.222 °C
2026-03-09 14:29:59,728  INFO      T_int=23.273 °C  RH=27.77 %  T_ext=22.272 °C
2026-03-09 14:30:09,725  INFO      T_int=23.268 °C  RH=27.73 %  T_ext=22.272 °C
2026-03-09 14:30:19,724  INFO      T_int=23.257 °C  RH=27.69 %  T_ext=22.247 °C
2026-03-09 14:30:29,721  INFO      T_int=23.255 °C  RH=27.62 %  T_ext=22.272 °C
2026-03-09 14:30:39,720  INFO      T_int=23.247 °C  RH=27.60 %  T_ext=22.272 °C
2026-03-09 14:30:49,719  INFO      T_int=23.237 °C  RH=27.55 %  T_ext=22.247 °C
2026-03-09 14:30:59,717  INFO      T_int=23.237 °C  RH=27.55 %  T_ext=22.247 °C
2026-03-09 14:31:09,716  INFO      T_int=23.227 °C  RH=27.62 %  T_ext=22.222 °C
2026-03-09 14:31:19,714  INFO      T_int=23.225 °C  RH=27.62 %  T_ext=22.272 °C
2026-03-09 14:31:29,712  INFO      T_int=23.222 °C  RH=27.62 %  T_ext=22.222 °C
2026-03-09 14:31:39,715  INFO      T_int=23.212 °C  RH=27.62 %  T_ext=22.247 °C
2026-03-09 14:31:49,714  INFO      T_int=23.207 °C  RH=27.62 %  T_ext=22.247 °C
2026-03-09 14:31:59,717  INFO      T_int=23.197 °C  RH=27.60 %  T_ext=22.247 °C
2026-03-09 14:32:09,714  INFO      T_int=23.197 °C  RH=27.57 %  T_ext=22.272 °C
2026-03-09 14:32:19,713  INFO      T_int=23.179 °C  RH=27.53 %  T_ext=22.247 °C
2026-03-09 14:32:29,731  INFO      T_int=23.187 °C  RH=27.53 %  T_ext=22.222 °C
2026-03-09 14:32:39,714  INFO      T_int=23.174 °C  RH=27.43 %  T_ext=22.222 °C
2026-03-09 14:32:49,709  INFO      T_int=23.184 °C  RH=27.43 %  T_ext=22.247 °C
2026-03-09 14:32:59,722  INFO      T_int=23.177 °C  RH=27.43 %  T_ext=22.222 °C
2026-03-09 14:33:09,714  INFO      T_int=23.179 °C  RH=27.45 %  T_ext=22.222 °C
2026-03-09 14:33:19,712  INFO      T_int=23.177 °C  RH=27.45 %  T_ext=22.222 °C
2026-03-09 14:33:29,711  INFO      T_int=23.177 °C  RH=27.43 %  T_ext=22.247 °C
2026-03-09 14:33:39,721  INFO      T_int=23.177 °C  RH=27.43 %  T_ext=22.272 °C
2026-03-09 14:33:49,715  INFO      T_int=23.187 °C  RH=27.43 %  T_ext=22.247 °C
2026-03-09 14:33:59,718  INFO      T_int=23.205 °C  RH=27.43 %  T_ext=22.247 °C
2026-03-09 14:34:09,724  INFO      T_int=23.200 °C  RH=27.43 %  T_ext=22.247 °C
2026-03-09 14:34:19,707  INFO      T_int=23.205 °C  RH=27.33 %  T_ext=22.272 °C
2026-03-09 14:34:29,709  INFO      T_int=23.200 °C  RH=27.23 %  T_ext=22.247 °C
2026-03-09 14:34:39,731  INFO      T_int=23.207 °C  RH=27.23 %  T_ext=22.272 °C
2026-03-09 14:34:49,714  INFO      T_int=23.207 °C  RH=27.25 %  T_ext=22.272 °C
2026-03-09 14:34:59,713  INFO      T_int=23.212 °C  RH=27.29 %  T_ext=22.272 °C
2026-03-09 14:35:09,712  INFO      T_int=23.217 °C  RH=27.27 %  T_ext=22.272 °C
2026-03-09 14:35:19,711  INFO      T_int=23.217 °C  RH=27.23 %  T_ext=22.272 °C
2026-03-09 14:35:29,710  INFO      T_int=23.217 °C  RH=27.25 %  T_ext=22.297 °C
2026-03-09 14:35:39,709  INFO      T_int=23.220 °C  RH=27.33 %  T_ext=22.272 °C
2026-03-09 14:35:49,707  INFO      T_int=23.212 °C  RH=27.33 %  T_ext=22.347 °C
2026-03-09 14:35:59,738  INFO      T_int=23.205 °C  RH=27.41 %  T_ext=22.347 °C
2026-03-09 14:36:09,745  INFO      T_int=23.217 °C  RH=27.43 %  T_ext=22.322 °C
2026-03-09 14:36:19,745  INFO      T_int=23.212 °C  RH=27.43 %  T_ext=22.347 °C
2026-03-09 14:36:29,712  INFO      T_int=23.217 °C  RH=27.41 %  T_ext=22.347 °C
2026-03-09 14:36:39,708  INFO      T_int=23.205 °C  RH=27.43 %  T_ext=22.322 °C
2026-03-09 14:36:49,702  INFO      T_int=23.200 °C  RH=27.43 %  T_ext=22.347 °C
2026-03-09 14:36:59,702  INFO      T_int=23.200 °C  RH=27.43 %  T_ext=22.322 °C
2026-03-09 14:37:09,727  INFO      T_int=23.182 °C  RH=27.43 %  T_ext=22.297 °C
2026-03-09 14:37:19,710  INFO      T_int=23.184 °C  RH=27.43 %  T_ext=22.272 °C
2026-03-09 14:37:29,710  INFO      T_int=23.172 °C  RH=27.45 %  T_ext=22.222 °C
2026-03-09 14:37:39,760  INFO      T_int=23.172 °C  RH=27.53 %  T_ext=22.196 °C
2026-03-09 14:37:49,713  INFO      T_int=23.169 °C  RH=27.53 %  T_ext=22.171 °C
2026-03-09 14:37:59,714  INFO      T_int=23.167 °C  RH=27.53 %  T_ext=22.171 °C
2026-03-09 14:38:09,766  INFO      T_int=23.164 °C  RH=27.53 %  T_ext=22.171 °C
2026-03-09 14:38:19,782  INFO      T_int=23.162 °C  RH=27.53 %  T_ext=22.146 °C
2026-03-09 14:38:29,703  INFO      T_int=23.157 °C  RH=27.53 %  T_ext=22.171 °C
2026-03-09 14:38:39,700  INFO      T_int=23.167 °C  RH=27.53 %  T_ext=22.196 °C
2026-03-09 14:38:49,700  INFO      T_int=23.164 °C  RH=27.55 %  T_ext=22.171 °C
2026-03-09 14:38:59,699  INFO      T_int=23.167 °C  RH=27.63 %  T_ext=22.171 °C
2026-03-09 14:39:09,695  INFO      T_int=23.164 °C  RH=27.64 %  T_ext=22.171 °C
2026-03-09 14:39:19,782  INFO      T_int=23.162 °C  RH=27.63 %  T_ext=22.171 °C
2026-03-09 14:39:29,701  INFO      T_int=23.172 °C  RH=27.62 %  T_ext=22.196 °C
2026-03-09 14:39:39,782  INFO      T_int=23.167 °C  RH=27.62 %  T_ext=22.222 °C
2026-03-09 14:39:49,702  INFO      T_int=23.184 °C  RH=27.62 %  T_ext=22.222 °C
2026-03-09 14:39:59,702  INFO      T_int=23.207 °C  RH=27.67 %  T_ext=22.247 °C
2026-03-09 14:40:09,658  INFO      T_int=23.225 °C  RH=27.73 %  T_ext=22.272 °C
2026-03-09 14:40:19,703  INFO      T_int=23.232 °C  RH=27.73 %  T_ext=22.272 °C
2026-03-09 14:40:29,795  INFO      T_int=23.262 °C  RH=27.73 %  T_ext=22.272 °C
2026-03-09 14:40:39,701  INFO      T_int=23.283 °C  RH=27.73 %  T_ext=22.272 °C
2026-03-09 14:40:49,698  INFO      T_int=23.308 °C  RH=27.73 %  T_ext=22.322 °C
2026-03-09 14:40:59,793  INFO      T_int=23.328 °C  RH=27.71 %  T_ext=22.347 °C
2026-03-09 14:41:09,698  INFO      T_int=23.353 °C  RH=27.71 %  T_ext=22.347 °C
2026-03-09 14:41:19,693  INFO      T_int=23.376 °C  RH=27.71 %  T_ext=22.372 °C
2026-03-09 14:41:29,709  INFO      T_int=23.409 °C  RH=27.66 %  T_ext=22.423 °C
2026-03-09 14:41:39,724  INFO      T_int=23.434 °C  RH=27.63 %  T_ext=22.423 °C
2026-03-09 14:41:49,709  INFO      T_int=23.451 °C  RH=27.61 %  T_ext=22.423 °C
2026-03-09 14:41:59,704  INFO      T_int=23.479 °C  RH=27.61 %  T_ext=22.448 °C
2026-03-09 14:42:09,806  INFO      T_int=23.499 °C  RH=27.61 %  T_ext=22.473 °C
2026-03-09 14:42:19,811  INFO      T_int=23.519 °C  RH=27.61 %  T_ext=22.473 °C
2026-03-09 14:42:29,699  INFO      T_int=23.547 °C  RH=27.61 %  T_ext=22.498 °C
2026-03-09 14:42:39,699  INFO      T_int=23.585 °C  RH=27.61 %  T_ext=22.498 °C
2026-03-09 14:42:49,751  INFO      T_int=23.600 °C  RH=27.61 %  T_ext=22.523 °C
2026-03-09 14:42:59,816  INFO      T_int=23.630 °C  RH=27.61 %  T_ext=22.548 °C
2026-03-09 14:43:09,712  INFO      T_int=23.655 °C  RH=27.60 %  T_ext=22.523 °C
2026-03-09 14:43:19,692  INFO      T_int=23.680 °C  RH=27.58 %  T_ext=22.573 °C
2026-03-09 14:43:29,704  INFO      T_int=23.696 °C  RH=27.56 %  T_ext=22.573 °C
2026-03-09 14:43:39,700  INFO      T_int=23.706 °C  RH=27.52 %  T_ext=22.573 °C
2026-03-09 14:43:49,697  INFO      T_int=23.736 °C  RH=27.50 %  T_ext=22.573 °C
2026-03-09 14:43:59,728  INFO      T_int=23.764 °C  RH=27.50 %  T_ext=22.573 °C
2026-03-09 14:44:09,695  INFO      T_int=23.781 °C  RH=27.50 %  T_ext=22.598 °C
2026-03-09 14:44:19,692  INFO      T_int=23.789 °C  RH=27.50 %  T_ext=22.623 °C
2026-03-09 14:44:29,688  INFO      T_int=23.816 °C  RH=27.50 %  T_ext=22.623 °C
2026-03-09 14:44:39,701  INFO      T_int=23.831 °C  RH=27.50 %  T_ext=22.623 °C
2026-03-09 14:44:49,697  INFO      T_int=23.844 °C  RH=27.50 %  T_ext=22.623 °C
2026-03-09 14:44:59,744  INFO      T_int=23.859 °C  RH=27.49 %  T_ext=22.648 °C
2026-03-09 14:45:09,740  INFO      T_int=23.882 °C  RH=27.46 %  T_ext=22.648 °C
2026-03-09 14:45:19,691  INFO      T_int=23.892 °C  RH=27.39 %  T_ext=22.648 °C
2026-03-09 14:45:29,745  INFO      T_int=23.912 °C  RH=27.39 %  T_ext=22.623 °C
2026-03-09 14:45:39,695  INFO      T_int=23.932 °C  RH=27.39 %  T_ext=22.648 °C
2026-03-09 14:45:49,691  INFO      T_int=23.945 °C  RH=27.39 %  T_ext=22.648 °C
2026-03-09 14:45:59,727  INFO      T_int=23.967 °C  RH=27.39 %  T_ext=22.648 °C
2026-03-09 14:46:09,694  INFO      T_int=23.975 °C  RH=27.39 %  T_ext=22.673 °C
2026-03-09 14:46:19,690  INFO      T_int=23.998 °C  RH=27.39 %  T_ext=22.673 °C
2026-03-09 14:46:29,753  INFO      T_int=24.003 °C  RH=27.39 %  T_ext=22.648 °C
2026-03-09 14:46:39,729  INFO      T_int=24.010 °C  RH=27.39 %  T_ext=22.673 °C
2026-03-09 14:46:49,698  INFO      T_int=24.028 °C  RH=27.39 %  T_ext=22.673 °C
2026-03-09 14:46:59,697  INFO      T_int=24.038 °C  RH=27.39 %  T_ext=22.673 °C
2026-03-09 14:47:09,759  INFO      T_int=24.051 °C  RH=27.39 %  T_ext=22.673 °C
2026-03-09 14:47:19,708  INFO      T_int=24.063 °C  RH=27.40 %  T_ext=22.673 °C
2026-03-09 14:47:29,721  INFO      T_int=24.071 °C  RH=27.40 %  T_ext=22.673 °C
2026-03-09 14:47:39,722  INFO      T_int=24.093 °C  RH=27.39 %  T_ext=22.698 °C
2026-03-09 14:47:49,718  INFO      T_int=24.093 °C  RH=27.39 %  T_ext=22.698 °C
2026-03-09 14:47:59,721  INFO      T_int=24.103 °C  RH=27.37 %  T_ext=22.698 °C
2026-03-09 14:48:09,760  INFO      T_int=24.111 °C  RH=27.37 %  T_ext=22.698 °C
2026-03-09 14:48:19,712  INFO      T_int=24.129 °C  RH=27.37 %  T_ext=22.698 °C
2026-03-09 14:48:29,716  INFO      T_int=24.139 °C  RH=27.37 %  T_ext=22.723 °C
2026-03-09 14:48:39,714  INFO      T_int=24.149 °C  RH=27.37 %  T_ext=22.723 °C
2026-03-09 14:48:49,711  INFO      T_int=24.156 °C  RH=27.35 %  T_ext=22.723 °C
2026-03-09 14:48:59,711  INFO      T_int=24.166 °C  RH=27.37 %  T_ext=22.723 °C
2026-03-09 14:49:09,709  INFO      T_int=24.184 °C  RH=27.37 %  T_ext=22.723 °C
2026-03-09 14:49:19,709  INFO      T_int=24.192 °C  RH=27.37 %  T_ext=22.723 °C
2026-03-09 14:49:29,777  INFO      T_int=24.204 °C  RH=27.31 %  T_ext=22.723 °C
2026-03-09 14:49:39,711  INFO      T_int=24.214 °C  RH=27.29 %  T_ext=22.723 °C
2026-03-09 14:49:49,787  INFO      T_int=24.219 °C  RH=27.35 %  T_ext=22.723 °C
2026-03-09 14:49:59,787  INFO      T_int=24.222 °C  RH=27.27 %  T_ext=22.698 °C
2026-03-09 14:50:09,705  INFO      T_int=24.239 °C  RH=27.27 %  T_ext=22.723 °C
2026-03-09 14:50:19,765  INFO      T_int=24.247 °C  RH=27.27 %  T_ext=22.723 °C
2026-03-09 14:50:29,734  INFO      T_int=24.254 °C  RH=27.27 %  T_ext=22.723 °C
2026-03-09 14:50:39,732  INFO      T_int=24.262 °C  RH=27.27 %  T_ext=22.698 °C
2026-03-09 14:50:49,776  INFO      T_int=24.275 °C  RH=27.27 %  T_ext=22.698 °C
2026-03-09 14:50:59,725  INFO      T_int=24.285 °C  RH=27.27 %  T_ext=22.698 °C
2026-03-09 14:51:09,783  INFO      T_int=24.290 °C  RH=27.27 %  T_ext=22.698 °C
2026-03-09 14:51:19,771  INFO      T_int=24.295 °C  RH=27.27 %  T_ext=22.723 °C
2026-03-09 14:51:29,771  INFO      T_int=24.315 °C  RH=27.27 %  T_ext=22.723 °C
2026-03-09 14:51:39,774  INFO      T_int=24.322 °C  RH=27.27 %  T_ext=22.748 °C
2026-03-09 14:51:49,798  INFO      T_int=24.322 °C  RH=27.27 %  T_ext=22.748 °C
2026-03-09 14:51:59,803  INFO      T_int=24.338 °C  RH=27.25 %  T_ext=22.748 °C
2026-03-09 14:52:09,722  INFO      T_int=24.345 °C  RH=27.20 %  T_ext=22.748 °C
2026-03-09 14:52:19,719  INFO      T_int=24.353 °C  RH=27.20 %  T_ext=22.748 °C
2026-03-09 14:52:29,715  INFO      T_int=24.360 °C  RH=27.17 %  T_ext=22.773 °C
2026-03-09 14:52:39,727  INFO      T_int=24.368 °C  RH=27.15 %  T_ext=22.748 °C
2026-03-09 14:52:49,723  INFO      T_int=24.373 °C  RH=27.15 %  T_ext=22.723 °C
2026-03-09 14:52:59,721  INFO      T_int=24.383 °C  RH=27.17 %  T_ext=22.723 °C
2026-03-09 14:53:09,720  INFO      T_int=24.385 °C  RH=27.17 %  T_ext=22.748 °C
2026-03-09 14:53:19,716  INFO      T_int=24.390 °C  RH=27.17 %  T_ext=22.773 °C
2026-03-09 14:53:29,813  INFO      T_int=24.395 °C  RH=27.17 %  T_ext=22.773 °C
2026-03-09 14:53:39,709  INFO      T_int=24.403 °C  RH=27.22 %  T_ext=22.748 °C
2026-03-09 14:53:49,717  INFO      T_int=24.406 °C  RH=27.20 %  T_ext=22.773 °C
2026-03-09 14:53:59,793  INFO      T_int=24.406 °C  RH=27.22 %  T_ext=22.773 °C
2026-03-09 14:54:09,700  INFO      T_int=24.406 °C  RH=27.26 %  T_ext=22.773 °C
2026-03-09 14:54:19,726  INFO      T_int=24.423 °C  RH=27.26 %  T_ext=22.773 °C
2026-03-09 14:54:29,721  INFO      T_int=24.426 °C  RH=27.22 %  T_ext=22.773 °C
2026-03-09 14:54:39,788  INFO      T_int=24.438 °C  RH=27.24 %  T_ext=22.773 °C
2026-03-09 14:54:49,781  INFO      T_int=24.446 °C  RH=27.26 %  T_ext=22.773 °C
2026-03-09 14:54:59,718  INFO      T_int=24.446 °C  RH=27.20 %  T_ext=22.748 °C
2026-03-09 14:55:09,715  INFO      T_int=24.461 °C  RH=27.15 %  T_ext=22.773 °C
2026-03-09 14:55:19,807  INFO      T_int=24.456 °C  RH=27.15 %  T_ext=22.798 °C
2026-03-09 14:55:29,797  INFO      T_int=24.466 °C  RH=27.22 %  T_ext=22.798 °C
2026-03-09 14:55:39,839  INFO      T_int=24.461 °C  RH=27.22 %  T_ext=22.798 °C
2026-03-09 14:55:49,832  INFO      T_int=24.466 °C  RH=27.26 %  T_ext=22.798 °C
2026-03-09 14:55:59,848  INFO      T_int=24.466 °C  RH=27.26 %  T_ext=22.823 °C
2026-03-09 14:56:09,848  INFO      T_int=24.466 °C  RH=27.26 %  T_ext=22.798 °C
2026-03-09 14:56:19,733  INFO      T_int=24.466 °C  RH=27.26 %  T_ext=22.798 °C
2026-03-09 14:56:29,822  INFO      T_int=24.466 °C  RH=27.26 %  T_ext=22.798 °C
2026-03-09 14:56:39,826  INFO      T_int=24.466 °C  RH=27.24 %  T_ext=22.798 °C
2026-03-09 14:56:49,745  INFO      T_int=24.471 °C  RH=27.26 %  T_ext=22.773 °C
2026-03-09 14:56:59,825  INFO      T_int=24.476 °C  RH=27.26 %  T_ext=22.773 °C
2026-03-09 14:57:09,755  INFO      T_int=24.496 °C  RH=27.26 %  T_ext=22.798 °C
2026-03-09 14:57:19,826  INFO      T_int=24.504 °C  RH=27.26 %  T_ext=22.798 °C
2026-03-09 14:57:29,745  INFO      T_int=24.499 °C  RH=27.26 %  T_ext=22.798 °C
2026-03-09 14:57:39,856  INFO      T_int=24.509 °C  RH=27.22 %  T_ext=22.823 °C
2026-03-09 14:57:49,746  INFO      T_int=24.514 °C  RH=27.26 %  T_ext=22.798 °C
2026-03-09 14:57:59,760  INFO      T_int=24.516 °C  RH=27.24 %  T_ext=22.798 °C
2026-03-09 14:58:09,741  INFO      T_int=24.521 °C  RH=27.26 %  T_ext=22.823 °C
2026-03-09 14:58:19,755  INFO      T_int=24.524 °C  RH=27.20 %  T_ext=22.798 °C
2026-03-09 14:58:29,753  INFO      T_int=24.534 °C  RH=27.26 %  T_ext=22.823 °C
2026-03-09 14:58:39,866  INFO      T_int=24.531 °C  RH=27.24 %  T_ext=22.823 °C
2026-03-09 14:58:49,759  INFO      T_int=24.534 °C  RH=27.24 %  T_ext=22.823 °C
2026-03-09 14:58:59,816  INFO      T_int=24.544 °C  RH=27.26 %  T_ext=22.798 °C
2026-03-09 14:59:09,785  INFO      T_int=24.552 °C  RH=27.26 %  T_ext=22.823 °C
2026-03-09 14:59:19,769  INFO      T_int=24.557 °C  RH=27.26 %  T_ext=22.823 °C
2026-03-09 14:59:29,769  INFO      T_int=24.559 °C  RH=27.26 %  T_ext=22.823 °C
2026-03-09 14:59:39,871  INFO      T_int=24.559 °C  RH=27.26 %  T_ext=22.823 °C
2026-03-09 14:59:49,776  INFO      T_int=24.554 °C  RH=27.26 %  T_ext=22.773 °C
2026-03-09 14:59:59,760  INFO      T_int=24.534 °C  RH=27.24 %  T_ext=22.748 °C
2026-03-09 15:00:09,776  INFO      T_int=24.526 °C  RH=27.22 %  T_ext=22.723 °C
2026-03-09 15:00:19,858  INFO      T_int=24.504 °C  RH=27.17 %  T_ext=22.723 °C
2026-03-09 15:00:29,785  INFO      T_int=24.476 °C  RH=27.15 %  T_ext=22.723 °C
2026-03-09 15:00:39,823  INFO      T_int=24.461 °C  RH=27.15 %  T_ext=22.698 °C
2026-03-09 15:00:49,756  INFO      T_int=24.436 °C  RH=27.26 %  T_ext=22.698 °C
2026-03-09 15:00:59,771  INFO      T_int=24.416 °C  RH=27.26 %  T_ext=22.698 °C
2026-03-09 15:01:09,891  INFO      T_int=24.393 °C  RH=27.36 %  T_ext=22.698 °C
2026-03-09 15:01:19,778  INFO      T_int=24.365 °C  RH=27.36 %  T_ext=22.648 °C
2026-03-09 15:01:29,775  INFO      T_int=24.345 °C  RH=27.36 %  T_ext=22.673 °C
2026-03-09 15:01:39,773  INFO      T_int=24.310 °C  RH=27.37 %  T_ext=22.673 °C
2026-03-09 15:01:49,773  INFO      T_int=24.287 °C  RH=27.37 %  T_ext=22.673 °C
2026-03-09 15:01:59,771  INFO      T_int=24.254 °C  RH=27.37 %  T_ext=22.648 °C
2026-03-09 15:02:09,871  INFO      T_int=24.232 °C  RH=27.37 %  T_ext=22.673 °C
2026-03-09 15:02:19,897  INFO      T_int=24.194 °C  RH=27.47 %  T_ext=22.648 °C
2026-03-09 15:02:29,874  INFO      T_int=24.161 °C  RH=27.47 %  T_ext=22.623 °C
2026-03-09 15:02:39,778  INFO      T_int=24.144 °C  RH=27.57 %  T_ext=22.573 °C
2026-03-09 15:02:49,896  INFO      T_int=24.111 °C  RH=27.57 %  T_ext=22.573 °C
2026-03-09 15:02:59,786  INFO      T_int=24.078 °C  RH=27.60 %  T_ext=22.523 °C
2026-03-09 15:03:09,784  INFO      T_int=24.061 °C  RH=27.62 %  T_ext=22.448 °C
2026-03-09 15:03:19,783  INFO      T_int=24.028 °C  RH=27.69 %  T_ext=22.448 °C
2026-03-09 15:03:29,781  INFO      T_int=24.010 °C  RH=27.69 %  T_ext=22.448 °C
2026-03-09 15:03:39,780  INFO      T_int=23.993 °C  RH=27.69 %  T_ext=22.473 °C
2026-03-09 15:03:49,775  INFO      T_int=23.957 °C  RH=27.69 %  T_ext=22.473 °C
2026-03-09 15:03:59,901  INFO      T_int=23.932 °C  RH=27.72 %  T_ext=22.448 °C
2026-03-09 15:04:09,786  INFO      T_int=23.920 °C  RH=27.78 %  T_ext=22.448 °C
2026-03-09 15:04:19,801  INFO      T_int=23.899 °C  RH=27.78 %  T_ext=22.448 °C
2026-03-09 15:04:29,834  INFO      T_int=23.882 °C  RH=27.74 %  T_ext=22.448 °C
2026-03-09 15:04:39,826  INFO      T_int=23.862 °C  RH=27.78 %  T_ext=22.448 °C
2026-03-09 15:04:49,884  INFO      T_int=23.844 °C  RH=27.80 %  T_ext=22.473 °C
2026-03-09 15:04:59,799  INFO      T_int=23.829 °C  RH=27.80 %  T_ext=22.448 °C
2026-03-09 15:05:09,916  INFO      T_int=23.821 °C  RH=27.80 %  T_ext=22.423 °C
2026-03-09 15:05:19,790  INFO      T_int=23.801 °C  RH=27.80 %  T_ext=22.423 °C
2026-03-09 15:05:29,817  INFO      T_int=23.791 °C  RH=27.80 %  T_ext=22.473 °C
2026-03-09 15:05:39,801  INFO      T_int=23.786 °C  RH=27.90 %  T_ext=22.448 °C
2026-03-09 15:05:49,800  INFO      T_int=23.758 °C  RH=27.90 %  T_ext=22.398 °C
2026-03-09 15:05:59,819  INFO      T_int=23.736 °C  RH=27.96 %  T_ext=22.423 °C
2026-03-09 15:06:09,804  INFO      T_int=23.718 °C  RH=27.96 %  T_ext=22.423 °C
2026-03-09 15:06:19,826  INFO      T_int=23.703 °C  RH=27.90 %  T_ext=22.398 °C
2026-03-09 15:06:29,809  INFO      T_int=23.690 °C  RH=27.90 %  T_ext=22.423 °C
2026-03-09 15:06:39,809  INFO      T_int=23.673 °C  RH=28.00 %  T_ext=22.423 °C
2026-03-09 15:06:49,808  INFO      T_int=23.655 °C  RH=28.00 %  T_ext=22.448 °C
2026-03-09 15:06:59,806  INFO      T_int=23.645 °C  RH=28.00 %  T_ext=22.423 °C
2026-03-09 15:07:09,806  INFO      T_int=23.630 °C  RH=28.01 %  T_ext=22.448 °C
2026-03-09 15:07:19,806  INFO      T_int=23.620 °C  RH=28.01 %  T_ext=22.398 °C
2026-03-09 15:07:29,829  INFO      T_int=23.600 °C  RH=28.01 %  T_ext=22.423 °C
2026-03-09 15:07:39,813  INFO      T_int=23.590 °C  RH=28.01 %  T_ext=22.372 °C
2026-03-09 15:07:49,817  INFO      T_int=23.570 °C  RH=28.01 %  T_ext=22.347 °C
2026-03-09 15:07:59,799  INFO      T_int=23.557 °C  RH=28.01 %  T_ext=22.372 °C
2026-03-09 15:08:09,799  INFO      T_int=23.539 °C  RH=27.99 %  T_ext=22.322 °C
2026-03-09 15:08:19,798  INFO      T_int=23.539 °C  RH=28.01 %  T_ext=22.322 °C
2026-03-09 15:08:29,812  INFO      T_int=23.532 °C  RH=28.01 %  T_ext=22.322 °C
2026-03-09 15:08:39,829  INFO      T_int=23.522 °C  RH=28.01 %  T_ext=22.347 °C
2026-03-09 15:08:49,824  INFO      T_int=23.514 °C  RH=28.01 %  T_ext=22.322 °C
2026-03-09 15:08:59,824  INFO      T_int=23.512 °C  RH=28.01 %  T_ext=22.297 °C
2026-03-09 15:09:09,848  INFO      T_int=23.504 °C  RH=28.03 %  T_ext=22.322 °C
2026-03-09 15:09:19,814  INFO      T_int=23.499 °C  RH=28.01 %  T_ext=22.297 °C
2026-03-09 15:09:29,823  INFO      T_int=23.492 °C  RH=28.09 %  T_ext=22.347 °C
2026-03-09 15:09:39,829  INFO      T_int=23.489 °C  RH=28.11 %  T_ext=22.347 °C
2026-03-09 15:09:49,816  INFO      T_int=23.484 °C  RH=28.11 %  T_ext=22.372 °C
2026-03-09 15:09:59,812  INFO      T_int=23.479 °C  RH=28.11 %  T_ext=22.372 °C
2026-03-09 15:10:09,860  INFO      T_int=23.479 °C  RH=28.01 %  T_ext=22.347 °C
2026-03-09 15:10:19,839  INFO      T_int=23.482 °C  RH=28.01 %  T_ext=22.372 °C
2026-03-09 15:10:29,823  INFO      T_int=23.479 °C  RH=28.11 %  T_ext=22.398 °C
2026-03-09 15:10:39,967  INFO      T_int=23.471 °C  RH=28.11 %  T_ext=22.372 °C
2026-03-09 15:10:49,811  INFO      T_int=23.474 °C  RH=28.19 %  T_ext=22.372 °C
2026-03-09 15:10:59,826  INFO      T_int=23.464 °C  RH=28.13 %  T_ext=22.372 °C
2026-03-09 15:11:09,856  INFO      T_int=23.456 °C  RH=28.11 %  T_ext=22.372 °C
2026-03-09 15:11:19,839  INFO      T_int=23.459 °C  RH=28.05 %  T_ext=22.372 °C
2026-03-09 15:11:29,851  INFO      T_int=23.449 °C  RH=28.01 %  T_ext=22.347 °C
2026-03-09 15:11:39,971  INFO      T_int=23.446 °C  RH=28.01 %  T_ext=22.347 °C
2026-03-09 15:11:49,847  INFO      T_int=23.441 °C  RH=28.01 %  T_ext=22.322 °C
2026-03-09 15:11:59,851  INFO      T_int=23.429 °C  RH=28.05 %  T_ext=22.322 °C
2026-03-09 15:12:09,832  INFO      T_int=23.421 °C  RH=28.11 %  T_ext=22.322 °C
2026-03-09 15:12:19,883  INFO      T_int=23.419 °C  RH=28.13 %  T_ext=22.297 °C
2026-03-09 15:12:29,836  INFO      T_int=23.416 °C  RH=28.11 %  T_ext=22.297 °C
2026-03-09 15:12:39,839  INFO      T_int=23.409 °C  RH=28.21 %  T_ext=22.247 °C
2026-03-09 15:12:49,888  INFO      T_int=23.398 °C  RH=28.21 %  T_ext=22.247 °C
2026-03-09 15:12:59,868  INFO      T_int=23.388 °C  RH=28.22 %  T_ext=22.247 °C
2026-03-09 15:13:09,852  INFO      T_int=23.371 °C  RH=28.33 %  T_ext=22.272 °C
2026-03-09 15:13:19,972  INFO      T_int=23.378 °C  RH=28.33 %  T_ext=22.247 °C
2026-03-09 15:13:29,844  INFO      T_int=23.371 °C  RH=28.33 %  T_ext=22.272 °C
2026-03-09 15:13:39,840  INFO      T_int=23.366 °C  RH=28.33 %  T_ext=22.272 °C
2026-03-09 15:13:49,849  INFO      T_int=23.363 °C  RH=28.33 %  T_ext=22.297 °C
2026-03-09 15:13:59,906  INFO      T_int=23.358 °C  RH=28.33 %  T_ext=22.297 °C
2026-03-09 15:14:10,039  INFO      T_int=23.353 °C  RH=28.33 %  T_ext=22.297 °C
2026-03-09 15:14:19,874  INFO      T_int=23.348 °C  RH=28.31 %  T_ext=22.322 °C
2026-03-09 15:14:29,843  INFO      T_int=23.353 °C  RH=28.28 %  T_ext=22.322 °C
2026-03-09 15:14:39,889  INFO      T_int=23.353 °C  RH=28.33 %  T_ext=22.322 °C
2026-03-09 15:14:49,877  INFO      T_int=23.346 °C  RH=28.22 %  T_ext=22.322 °C
2026-03-09 15:14:59,905  INFO      T_int=23.348 °C  RH=28.22 %  T_ext=22.322 °C
2026-03-09 15:15:09,975  INFO      T_int=23.348 °C  RH=28.22 %  T_ext=22.347 °C
2026-03-09 15:15:19,907  INFO      T_int=23.353 °C  RH=28.22 %  T_ext=22.297 °C
2026-03-09 15:15:29,844  INFO      T_int=23.348 °C  RH=28.13 %  T_ext=22.297 °C
2026-03-09 15:15:39,845  INFO      T_int=23.353 °C  RH=28.09 %  T_ext=22.322 °C
2026-03-09 15:15:49,892  INFO      T_int=23.358 °C  RH=28.03 %  T_ext=22.322 °C
2026-03-09 15:15:59,889  INFO      T_int=23.341 °C  RH=28.03 %  T_ext=22.322 °C
2026-03-09 15:16:09,892  INFO      T_int=23.353 °C  RH=28.03 %  T_ext=22.347 °C
2026-03-09 15:16:19,845  INFO      T_int=23.348 °C  RH=27.98 %  T_ext=22.347 °C
2026-03-09 15:16:29,842  INFO      T_int=23.358 °C  RH=28.03 %  T_ext=22.322 °C
2026-03-09 15:16:39,841  INFO      T_int=23.358 °C  RH=27.96 %  T_ext=22.372 °C
2026-03-09 15:16:49,877  INFO      T_int=23.353 °C  RH=27.92 %  T_ext=22.372 °C
2026-03-09 15:16:59,914  INFO      T_int=23.351 °C  RH=27.92 %  T_ext=22.347 °C
2026-03-09 15:17:09,937  INFO      T_int=23.341 °C  RH=27.83 %  T_ext=22.372 °C
2026-03-09 15:17:19,858  INFO      T_int=23.348 °C  RH=27.83 %  T_ext=22.322 °C
2026-03-09 15:17:29,857  INFO      T_int=23.346 °C  RH=27.83 %  T_ext=22.322 °C
2026-03-09 15:17:39,855  INFO      T_int=23.353 °C  RH=27.77 %  T_ext=22.347 °C
2026-03-09 15:17:49,895  INFO      T_int=23.341 °C  RH=27.73 %  T_ext=22.372 °C
2026-03-09 15:17:59,874  INFO      T_int=23.335 °C  RH=27.73 %  T_ext=22.372 °C
2026-03-09 15:18:09,908  INFO      T_int=23.330 °C  RH=27.71 %  T_ext=22.322 °C
2026-03-09 15:18:19,949  INFO      T_int=23.333 °C  RH=27.71 %  T_ext=22.297 °C
2026-03-09 15:18:29,868  INFO      T_int=23.328 °C  RH=27.71 %  T_ext=22.247 °C
2026-03-09 15:18:39,918  INFO      T_int=23.320 °C  RH=27.71 %  T_ext=22.222 °C
2026-03-09 15:18:49,852  INFO      T_int=23.318 °C  RH=27.62 %  T_ext=22.196 °C
2026-03-09 15:18:59,880  INFO      T_int=23.305 °C  RH=27.62 %  T_ext=22.196 °C
2026-03-09 15:19:09,845  INFO      T_int=23.308 °C  RH=27.62 %  T_ext=22.196 °C
2026-03-09 15:19:19,860  INFO      T_int=23.293 °C  RH=27.62 %  T_ext=22.222 °C
2026-03-09 15:19:29,855  INFO      T_int=23.288 °C  RH=27.62 %  T_ext=22.196 °C
2026-03-09 15:19:39,854  INFO      T_int=23.288 °C  RH=27.62 %  T_ext=22.196 °C
2026-03-09 15:19:49,861  INFO      T_int=23.283 °C  RH=27.62 %  T_ext=22.196 °C
2026-03-09 15:19:59,932  INFO      T_int=23.288 °C  RH=27.62 %  T_ext=22.222 °C
2026-03-09 15:20:09,873  INFO      T_int=23.278 °C  RH=27.62 %  T_ext=22.222 °C
2026-03-09 15:20:19,931  INFO      T_int=23.270 °C  RH=27.62 %  T_ext=22.196 °C
2026-03-09 15:20:29,851  INFO      T_int=23.270 °C  RH=27.62 %  T_ext=22.222 °C
2026-03-09 15:20:39,886  INFO      T_int=23.268 °C  RH=27.55 %  T_ext=22.222 °C
2026-03-09 15:20:49,858  INFO      T_int=23.268 °C  RH=27.53 %  T_ext=22.222 °C
2026-03-09 15:20:59,849  INFO      T_int=23.270 °C  RH=27.53 %  T_ext=22.222 °C
2026-03-09 15:21:09,847  INFO      T_int=23.268 °C  RH=27.53 %  T_ext=22.247 °C
2026-03-09 15:21:19,841  INFO      T_int=23.265 °C  RH=27.53 %  T_ext=22.272 °C
2026-03-09 15:21:32,808  WARNING   Read error (1/5): ('Connection aborted.', RemoteDisconnected('Remote end closed connection without response'))
2026-03-09 15:22:03,134  INFO      T_int=23.273 °C  RH=27.33 %  T_ext=22.247 °C
2026-03-09 15:22:13,178  INFO      T_int=23.273 °C  RH=27.27 %  T_ext=22.272 °C
2026-03-09 15:22:23,175  INFO      T_int=23.270 °C  RH=27.23 %  T_ext=22.247 °C
2026-03-09 15:22:33,173  INFO      T_int=23.268 °C  RH=27.23 %  T_ext=22.297 °C
2026-03-09 15:22:43,170  INFO      T_int=23.275 °C  RH=27.23 %  T_ext=22.272 °C
2026-03-09 15:22:53,167  INFO      T_int=23.278 °C  RH=27.23 %  T_ext=22.272 °C
2026-03-09 15:23:03,165  INFO      T_int=23.275 °C  RH=27.23 %  T_ext=22.272 °C
2026-03-09 15:23:13,161  INFO      T_int=23.275 °C  RH=27.23 %  T_ext=22.247 °C
2026-03-09 15:23:23,175  INFO      T_int=23.275 °C  RH=27.23 %  T_ext=22.322 °C
2026-03-09 15:23:33,178  INFO      T_int=23.270 °C  RH=27.23 %  T_ext=22.322 °C
2026-03-09 15:23:43,177  INFO      T_int=23.270 °C  RH=27.23 %  T_ext=22.322 °C
2026-03-09 15:23:53,179  INFO      T_int=23.265 °C  RH=27.23 %  T_ext=22.322 °C
2026-03-09 15:24:03,183  INFO      T_int=23.268 °C  RH=27.23 %  T_ext=22.322 °C
2026-03-09 15:24:13,166  INFO      T_int=23.257 °C  RH=27.23 %  T_ext=22.272 °C
2026-03-09 15:24:23,163  INFO      T_int=23.257 °C  RH=27.23 %  T_ext=22.247 °C
2026-03-09 15:24:33,163  INFO      T_int=23.252 °C  RH=27.23 %  T_ext=22.247 °C
2026-03-09 15:24:43,162  INFO      T_int=23.252 °C  RH=27.23 %  T_ext=22.247 °C
2026-03-09 15:24:53,163  INFO      T_int=23.247 °C  RH=27.23 %  T_ext=22.247 °C
2026-03-09 15:25:03,160  INFO      T_int=23.247 °C  RH=27.23 %  T_ext=22.196 °C
2026-03-09 15:25:13,176  INFO      T_int=23.240 °C  RH=27.25 %  T_ext=22.196 °C
2026-03-09 15:25:23,178  INFO      T_int=23.237 °C  RH=27.25 %  T_ext=22.222 °C
2026-03-09 15:25:33,161  INFO      T_int=23.235 °C  RH=27.33 %  T_ext=22.222 °C
2026-03-09 15:25:43,174  INFO      T_int=23.232 °C  RH=27.33 %  T_ext=22.196 °C
2026-03-09 15:25:53,188  INFO      T_int=23.230 °C  RH=27.33 %  T_ext=22.222 °C
2026-03-09 15:26:03,187  INFO      T_int=23.235 °C  RH=27.33 %  T_ext=22.247 °C
2026-03-09 15:26:13,183  INFO      T_int=23.237 °C  RH=27.33 %  T_ext=22.222 °C
2026-03-09 15:26:23,181  INFO      T_int=23.237 °C  RH=27.33 %  T_ext=22.222 °C
2026-03-09 15:26:33,181  INFO      T_int=23.237 °C  RH=27.33 %  T_ext=22.222 °C
2026-03-09 15:26:43,182  INFO      T_int=23.237 °C  RH=27.33 %  T_ext=22.196 °C
2026-03-09 15:26:53,179  INFO      T_int=23.237 °C  RH=27.33 %  T_ext=22.247 °C
2026-03-09 15:27:03,215  INFO      T_int=23.235 °C  RH=27.33 %  T_ext=22.247 °C
2026-03-09 15:27:13,179  INFO      T_int=23.245 °C  RH=27.33 %  T_ext=22.247 °C
2026-03-09 15:27:23,209  INFO      T_int=23.260 °C  RH=27.33 %  T_ext=22.247 °C
2026-03-09 15:27:33,224  INFO      T_int=23.252 °C  RH=27.29 %  T_ext=22.247 °C
2026-03-09 15:27:43,173  INFO      T_int=23.257 °C  RH=27.33 %  T_ext=22.272 °C
2026-03-09 15:27:53,202  INFO      T_int=23.257 °C  RH=27.33 %  T_ext=22.247 °C
2026-03-09 15:28:03,204  INFO      T_int=23.255 °C  RH=27.31 %  T_ext=22.247 °C
2026-03-09 15:28:13,400  INFO      T_int=23.260 °C  RH=27.33 %  T_ext=22.222 °C
2026-03-09 15:28:23,193  INFO      T_int=23.260 °C  RH=27.29 %  T_ext=22.247 °C
2026-03-09 15:28:33,293  INFO      T_int=23.268 °C  RH=27.25 %  T_ext=22.272 °C
2026-03-09 15:28:43,360  INFO      T_int=23.270 °C  RH=27.25 %  T_ext=22.272 °C
2026-03-09 15:28:53,206  INFO      T_int=23.275 °C  RH=27.29 %  T_ext=22.247 °C
2026-03-09 15:29:03,211  INFO      T_int=23.265 °C  RH=27.23 %  T_ext=22.247 °C
2026-03-09 15:29:13,206  INFO      T_int=23.275 °C  RH=27.23 %  T_ext=22.272 °C
2026-03-09 15:29:23,225  INFO      T_int=23.270 °C  RH=27.23 %  T_ext=22.247 °C
2026-03-09 15:29:33,209  INFO      T_int=23.257 °C  RH=27.23 %  T_ext=22.247 °C
2026-03-09 15:29:43,207  INFO      T_int=23.262 °C  RH=27.23 %  T_ext=22.222 °C
2026-03-09 15:29:53,204  INFO      T_int=23.257 °C  RH=27.21 %  T_ext=22.196 °C
2026-03-09 15:30:03,219  INFO      T_int=23.247 °C  RH=27.13 %  T_ext=22.196 °C
2026-03-09 15:30:13,202  INFO      T_int=23.242 °C  RH=27.13 %  T_ext=22.196 °C
2026-03-09 15:30:23,216  INFO      T_int=23.240 °C  RH=27.13 %  T_ext=22.171 °C
2026-03-09 15:30:33,213  INFO      T_int=23.235 °C  RH=27.13 %  T_ext=22.196 °C
2026-03-09 15:30:43,210  INFO      T_int=23.227 °C  RH=27.13 %  T_ext=22.196 °C
2026-03-09 15:30:53,210  INFO      T_int=23.227 °C  RH=27.13 %  T_ext=22.222 °C
2026-03-09 15:31:03,210  INFO      T_int=23.227 °C  RH=27.13 %  T_ext=22.196 °C
2026-03-09 15:31:13,208  INFO      T_int=23.227 °C  RH=27.13 %  T_ext=22.222 °C
2026-03-09 15:31:23,206  INFO      T_int=23.227 °C  RH=27.13 %  T_ext=22.247 °C
2026-03-09 15:31:33,202  INFO      T_int=23.222 °C  RH=27.05 %  T_ext=22.222 °C
2026-03-09 15:31:43,200  INFO      T_int=23.227 °C  RH=27.13 %  T_ext=22.196 °C
2026-03-09 15:31:53,214  INFO      T_int=23.225 °C  RH=27.03 %  T_ext=22.222 °C
2026-03-09 15:32:03,210  INFO      T_int=23.225 °C  RH=27.07 %  T_ext=22.222 °C
2026-03-09 15:32:13,213  INFO      T_int=23.227 °C  RH=27.03 %  T_ext=22.222 °C
2026-03-09 15:32:23,210  INFO      T_int=23.237 °C  RH=27.03 %  T_ext=22.196 °C
2026-03-09 15:32:33,207  INFO      T_int=23.232 °C  RH=27.03 %  T_ext=22.196 °C
2026-03-09 15:32:43,204  INFO      T_int=23.237 °C  RH=27.03 %  T_ext=22.222 °C
2026-03-09 15:32:53,201  INFO      T_int=23.247 °C  RH=26.93 %  T_ext=22.222 °C
2026-03-09 15:33:03,198  INFO      T_int=23.237 °C  RH=26.93 %  T_ext=22.247 °C
2026-03-09 15:33:13,271  INFO      T_int=23.245 °C  RH=26.93 %  T_ext=22.247 °C
2026-03-09 15:33:23,204  INFO      T_int=23.247 °C  RH=26.93 %  T_ext=22.272 °C
2026-03-09 15:33:33,201  INFO      T_int=23.252 °C  RH=26.93 %  T_ext=22.272 °C
2026-03-09 15:33:43,198  INFO      T_int=23.250 °C  RH=26.95 %  T_ext=22.272 °C
2026-03-09 15:33:53,217  INFO      T_int=23.255 °C  RH=26.99 %  T_ext=22.272 °C
2026-03-09 15:34:03,201  INFO      T_int=23.257 °C  RH=27.03 %  T_ext=22.272 °C
2026-03-09 15:34:13,197  INFO      T_int=23.252 °C  RH=27.03 %  T_ext=22.297 °C
2026-03-09 15:34:23,194  INFO      T_int=23.252 °C  RH=27.03 %  T_ext=22.297 °C
2026-03-09 15:34:33,189  INFO      T_int=23.242 °C  RH=27.09 %  T_ext=22.272 °C
2026-03-09 15:34:43,190  INFO      T_int=23.257 °C  RH=27.11 %  T_ext=22.272 °C
2026-03-09 15:34:53,189  INFO      T_int=23.262 °C  RH=27.13 %  T_ext=22.247 °C
2026-03-09 15:35:03,189  INFO      T_int=23.268 °C  RH=27.13 %  T_ext=22.247 °C
2026-03-09 15:35:13,192  INFO      T_int=23.290 °C  RH=27.13 %  T_ext=22.272 °C
2026-03-09 15:35:23,188  INFO      T_int=23.305 °C  RH=27.13 %  T_ext=22.247 °C
2026-03-09 15:35:33,251  INFO      T_int=23.328 °C  RH=27.13 %  T_ext=22.272 °C
2026-03-09 15:35:43,185  INFO      T_int=23.348 °C  RH=27.13 %  T_ext=22.272 °C
2026-03-09 15:35:53,191  INFO      T_int=23.371 °C  RH=27.15 %  T_ext=22.322 °C
2026-03-09 15:36:03,188  INFO      T_int=23.403 °C  RH=27.18 %  T_ext=22.347 °C
2026-03-09 15:36:13,186  INFO      T_int=23.421 °C  RH=27.19 %  T_ext=22.347 °C
2026-03-09 15:36:23,184  INFO      T_int=23.444 °C  RH=27.22 %  T_ext=22.372 °C
2026-03-09 15:36:33,182  INFO      T_int=23.469 °C  RH=27.22 %  T_ext=22.398 °C
2026-03-09 15:36:43,180  INFO      T_int=23.487 °C  RH=27.22 %  T_ext=22.423 °C
2026-03-09 15:36:53,177  INFO      T_int=23.504 °C  RH=27.22 %  T_ext=22.423 °C
2026-03-09 15:37:03,176  INFO      T_int=23.534 °C  RH=27.22 %  T_ext=22.448 °C
2026-03-09 15:37:13,175  INFO      T_int=23.552 °C  RH=27.13 %  T_ext=22.448 °C
2026-03-09 15:37:23,191  INFO      T_int=23.585 °C  RH=27.11 %  T_ext=22.448 °C
2026-03-09 15:37:33,190  INFO      T_int=23.600 °C  RH=27.11 %  T_ext=22.498 °C
2026-03-09 15:37:43,187  INFO      T_int=23.630 °C  RH=27.11 %  T_ext=22.498 °C
2026-03-09 15:37:53,200  INFO      T_int=23.643 °C  RH=27.08 %  T_ext=22.523 °C
2026-03-09 15:38:03,198  INFO      T_int=23.665 °C  RH=27.10 %  T_ext=22.548 °C
2026-03-09 15:38:13,194  INFO      T_int=23.690 °C  RH=27.10 %  T_ext=22.548 °C
2026-03-09 15:38:23,192  INFO      T_int=23.706 °C  RH=27.10 %  T_ext=22.573 °C
2026-03-09 15:38:33,190  INFO      T_int=23.721 °C  RH=27.10 %  T_ext=22.573 °C
2026-03-09 15:38:43,186  INFO      T_int=23.741 °C  RH=27.10 %  T_ext=22.573 °C
2026-03-09 15:38:53,203  INFO      T_int=23.776 °C  RH=27.10 %  T_ext=22.573 °C
2026-03-09 15:39:03,201  INFO      T_int=23.781 °C  RH=27.14 %  T_ext=22.598 °C
2026-03-09 15:39:13,214  INFO      T_int=23.806 °C  RH=27.10 %  T_ext=22.598 °C
2026-03-09 15:39:23,226  INFO      T_int=23.824 °C  RH=27.10 %  T_ext=22.623 °C
2026-03-09 15:39:33,226  INFO      T_int=23.842 °C  RH=27.10 %  T_ext=22.623 °C
2026-03-09 15:39:43,494  INFO      T_int=23.854 °C  RH=27.09 %  T_ext=22.648 °C
2026-03-09 15:39:53,224  INFO      T_int=23.877 °C  RH=27.09 %  T_ext=22.648 °C
2026-03-09 15:40:03,232  INFO      T_int=23.899 °C  RH=27.09 %  T_ext=22.648 °C
2026-03-09 15:40:13,215  INFO      T_int=23.910 °C  RH=27.09 %  T_ext=22.648 °C
2026-03-09 15:40:23,213  INFO      T_int=23.937 °C  RH=27.09 %  T_ext=22.648 °C
2026-03-09 15:40:33,236  INFO      T_int=23.952 °C  RH=27.09 %  T_ext=22.673 °C
2026-03-09 15:40:43,219  INFO      T_int=23.975 °C  RH=27.09 %  T_ext=22.698 °C
2026-03-09 15:40:53,216  INFO      T_int=23.993 °C  RH=27.09 %  T_ext=22.698 °C
2026-03-09 15:41:03,215  INFO      T_int=23.998 °C  RH=27.09 %  T_ext=22.698 °C
2026-03-09 15:41:13,210  INFO      T_int=24.005 °C  RH=27.09 %  T_ext=22.698 °C
2026-03-09 15:41:23,223  INFO      T_int=24.030 °C  RH=27.09 %  T_ext=22.698 °C
2026-03-09 15:41:33,218  INFO      T_int=24.038 °C  RH=27.09 %  T_ext=22.698 °C
2026-03-09 15:41:43,216  INFO      T_int=24.058 °C  RH=27.13 %  T_ext=22.698 °C
2026-03-09 15:41:53,213  INFO      T_int=24.076 °C  RH=27.09 %  T_ext=22.698 °C
2026-03-09 15:42:03,207  INFO      T_int=24.091 °C  RH=27.08 %  T_ext=22.698 °C
2026-03-09 15:42:13,219  INFO      T_int=24.103 °C  RH=27.07 %  T_ext=22.698 °C
2026-03-09 15:42:23,216  INFO      T_int=24.111 °C  RH=27.11 %  T_ext=22.698 °C
2026-03-09 15:42:33,215  INFO      T_int=24.118 °C  RH=27.09 %  T_ext=22.698 °C
2026-03-09 15:42:43,211  INFO      T_int=24.149 °C  RH=27.07 %  T_ext=22.723 °C
2026-03-09 15:42:53,208  INFO      T_int=24.151 °C  RH=27.07 %  T_ext=22.723 °C
2026-03-09 15:43:03,219  INFO      T_int=24.154 °C  RH=27.07 %  T_ext=22.748 °C
2026-03-09 15:43:13,216  INFO      T_int=24.166 °C  RH=27.03 %  T_ext=22.723 °C
2026-03-09 15:43:23,213  INFO      T_int=24.184 °C  RH=26.97 %  T_ext=22.723 °C
2026-03-09 15:43:33,213  INFO      T_int=24.192 °C  RH=26.97 %  T_ext=22.723 °C
2026-03-09 15:43:43,368  INFO      T_int=24.197 °C  RH=26.97 %  T_ext=22.723 °C
2026-03-09 15:43:53,207  INFO      T_int=24.214 °C  RH=26.97 %  T_ext=22.748 °C
2026-03-09 15:44:03,221  INFO      T_int=24.219 °C  RH=26.93 %  T_ext=22.773 °C
2026-03-09 15:44:13,218  INFO      T_int=24.224 °C  RH=26.89 %  T_ext=22.798 °C
2026-03-09 15:44:23,216  INFO      T_int=24.244 °C  RH=26.87 %  T_ext=22.798 °C
2026-03-09 15:44:33,219  INFO      T_int=24.249 °C  RH=26.95 %  T_ext=22.798 °C
2026-03-09 15:44:43,216  INFO      T_int=24.254 °C  RH=26.93 %  T_ext=22.798 °C
2026-03-09 15:44:53,214  INFO      T_int=24.259 °C  RH=26.91 %  T_ext=22.798 °C
2026-03-09 15:45:03,208  INFO      T_int=24.272 °C  RH=26.89 %  T_ext=22.773 °C
2026-03-09 15:45:13,206  INFO      T_int=24.285 °C  RH=26.87 %  T_ext=22.798 °C
2026-03-09 15:45:23,230  INFO      T_int=24.300 °C  RH=26.87 %  T_ext=22.773 °C
2026-03-09 15:45:33,211  INFO      T_int=24.305 °C  RH=26.87 %  T_ext=22.773 °C
2026-03-09 15:45:43,210  INFO      T_int=24.315 °C  RH=26.91 %  T_ext=22.798 °C
2026-03-09 15:45:53,214  INFO      T_int=24.335 °C  RH=26.87 %  T_ext=22.798 °C
2026-03-09 15:46:03,214  INFO      T_int=24.335 °C  RH=26.86 %  T_ext=22.748 °C
2026-03-09 15:46:13,212  INFO      T_int=24.345 °C  RH=26.86 %  T_ext=22.773 °C
2026-03-09 15:46:23,209  INFO      T_int=24.348 °C  RH=26.86 %  T_ext=22.773 °C
2026-03-09 15:46:33,209  INFO      T_int=24.363 °C  RH=26.84 %  T_ext=22.773 °C
2026-03-09 15:46:43,206  INFO      T_int=24.375 °C  RH=26.76 %  T_ext=22.773 °C
2026-03-09 15:46:53,220  INFO      T_int=24.373 °C  RH=26.76 %  T_ext=22.773 °C
2026-03-09 15:47:03,236  INFO      T_int=24.390 °C  RH=26.76 %  T_ext=22.823 °C
2026-03-09 15:47:13,233  INFO      T_int=24.395 °C  RH=26.76 %  T_ext=22.798 °C
2026-03-09 15:47:23,247  INFO      T_int=24.395 °C  RH=26.76 %  T_ext=22.798 °C
2026-03-09 15:47:33,244  INFO      T_int=24.403 °C  RH=26.76 %  T_ext=22.823 °C
2026-03-09 15:47:43,243  INFO      T_int=24.408 °C  RH=26.76 %  T_ext=22.848 °C
2026-03-09 15:47:53,244  INFO      T_int=24.411 °C  RH=26.76 %  T_ext=22.798 °C
2026-03-09 15:48:03,245  INFO      T_int=24.418 °C  RH=26.80 %  T_ext=22.823 °C
2026-03-09 15:48:13,243  INFO      T_int=24.426 °C  RH=26.76 %  T_ext=22.823 °C
2026-03-09 15:48:23,241  INFO      T_int=24.431 °C  RH=26.76 %  T_ext=22.823 °C
2026-03-09 15:48:33,237  INFO      T_int=24.433 °C  RH=26.76 %  T_ext=22.773 °C
2026-03-09 15:48:43,236  INFO      T_int=24.446 °C  RH=26.76 %  T_ext=22.823 °C
2026-03-09 15:48:53,254  INFO      T_int=24.448 °C  RH=26.80 %  T_ext=22.798 °C
2026-03-09 15:49:03,254  INFO      T_int=24.456 °C  RH=26.76 %  T_ext=22.798 °C
2026-03-09 15:49:13,253  INFO      T_int=24.461 °C  RH=26.76 %  T_ext=22.823 °C
2026-03-09 15:49:23,250  INFO      T_int=24.466 °C  RH=26.76 %  T_ext=22.823 °C
2026-03-09 15:49:33,264  INFO      T_int=24.471 °C  RH=26.76 %  T_ext=22.823 °C
2026-03-09 15:49:43,306  INFO      T_int=24.473 °C  RH=26.76 %  T_ext=22.848 °C
2026-03-09 15:49:53,256  INFO      T_int=24.476 °C  RH=26.76 %  T_ext=22.848 °C
2026-03-09 15:50:03,253  INFO      T_int=24.491 °C  RH=26.76 %  T_ext=22.848 °C
2026-03-09 15:50:13,252  INFO      T_int=24.504 °C  RH=26.76 %  T_ext=22.873 °C
2026-03-09 15:50:23,249  INFO      T_int=24.499 °C  RH=26.76 %  T_ext=22.898 °C
2026-03-09 15:50:33,267  INFO      T_int=24.516 °C  RH=26.76 %  T_ext=22.898 °C
2026-03-09 15:50:43,249  INFO      T_int=24.516 °C  RH=26.76 %  T_ext=22.898 °C
2026-03-09 15:50:53,262  INFO      T_int=24.524 °C  RH=26.76 %  T_ext=22.898 °C
2026-03-09 15:51:03,276  INFO      T_int=24.526 °C  RH=26.76 %  T_ext=22.898 °C
2026-03-09 15:51:13,282  INFO      T_int=24.534 °C  RH=26.76 %  T_ext=22.898 °C
2026-03-09 15:51:23,264  INFO      T_int=24.536 °C  RH=26.76 %  T_ext=22.873 °C
2026-03-09 15:51:33,279  INFO      T_int=24.539 °C  RH=26.76 %  T_ext=22.873 °C
2026-03-09 15:51:43,277  INFO      T_int=24.549 °C  RH=26.76 %  T_ext=22.873 °C
2026-03-09 15:51:53,288  INFO      T_int=24.557 °C  RH=26.76 %  T_ext=22.873 °C
2026-03-09 15:52:03,270  INFO      T_int=24.559 °C  RH=26.72 %  T_ext=22.873 °C
2026-03-09 15:52:13,268  INFO      T_int=24.562 °C  RH=26.74 %  T_ext=22.848 °C
2026-03-09 15:52:23,276  INFO      T_int=24.567 °C  RH=26.66 %  T_ext=22.873 °C
2026-03-09 15:52:33,274  INFO      T_int=24.574 °C  RH=26.65 %  T_ext=22.873 °C
2026-03-09 15:52:43,281  INFO      T_int=24.577 °C  RH=26.65 %  T_ext=22.873 °C
2026-03-09 15:52:53,262  INFO      T_int=24.589 °C  RH=26.65 %  T_ext=22.898 °C
2026-03-09 15:53:03,258  INFO      T_int=24.592 °C  RH=26.65 %  T_ext=22.873 °C
2026-03-09 15:53:13,272  INFO      T_int=24.592 °C  RH=26.65 %  T_ext=22.873 °C
2026-03-09 15:53:23,273  INFO      T_int=24.602 °C  RH=26.54 %  T_ext=22.848 °C
2026-03-09 15:53:33,272  INFO      T_int=24.607 °C  RH=26.54 %  T_ext=22.873 °C
2026-03-09 15:53:43,270  INFO      T_int=24.604 °C  RH=26.50 %  T_ext=22.873 °C
2026-03-09 15:53:53,267  INFO      T_int=24.604 °C  RH=26.48 %  T_ext=22.898 °C
2026-03-09 15:54:03,268  INFO      T_int=24.617 °C  RH=26.52 %  T_ext=22.873 °C
2026-03-09 15:54:13,265  INFO      T_int=24.612 °C  RH=26.52 %  T_ext=22.923 °C
2026-03-09 15:54:23,263  INFO      T_int=24.617 °C  RH=26.54 %  T_ext=22.898 °C
2026-03-09 15:54:33,263  INFO      T_int=24.617 °C  RH=26.50 %  T_ext=22.923 °C
2026-03-09 15:54:43,263  INFO      T_int=24.625 °C  RH=26.45 %  T_ext=22.898 °C
2026-03-09 15:54:53,264  INFO      T_int=24.620 °C  RH=26.45 %  T_ext=22.873 °C
2026-03-09 15:55:03,263  INFO      T_int=24.625 °C  RH=26.45 %  T_ext=22.898 °C
2026-03-09 15:55:13,264  INFO      T_int=24.627 °C  RH=26.41 %  T_ext=22.898 °C
2026-03-09 15:55:23,265  INFO      T_int=24.622 °C  RH=26.35 %  T_ext=22.923 °C
2026-03-09 15:55:33,263  INFO      T_int=24.627 °C  RH=26.35 %  T_ext=22.898 °C
2026-03-09 15:55:43,263  INFO      T_int=24.632 °C  RH=26.35 %  T_ext=22.898 °C
2026-03-09 15:55:53,264  INFO      T_int=24.630 °C  RH=26.25 %  T_ext=22.923 °C
2026-03-09 15:56:03,271  INFO      T_int=24.627 °C  RH=26.25 %  T_ext=22.848 °C
2026-03-09 15:56:13,255  INFO      T_int=24.620 °C  RH=26.15 %  T_ext=22.823 °C
2026-03-09 15:56:23,252  INFO      T_int=24.614 °C  RH=26.15 %  T_ext=22.823 °C
2026-03-09 15:56:33,251  INFO      T_int=24.589 °C  RH=26.07 %  T_ext=22.823 °C
2026-03-09 15:56:43,247  INFO      T_int=24.574 °C  RH=26.06 %  T_ext=22.823 °C
2026-03-09 15:56:53,260  INFO      T_int=24.552 °C  RH=26.06 %  T_ext=22.798 °C
2026-03-09 15:57:03,259  INFO      T_int=24.529 °C  RH=26.06 %  T_ext=22.773 °C
2026-03-09 15:57:13,260  INFO      T_int=24.511 °C  RH=26.06 %  T_ext=22.748 °C
2026-03-09 15:57:23,256  INFO      T_int=24.476 °C  RH=26.16 %  T_ext=22.748 °C
2026-03-09 15:57:33,255  INFO      T_int=24.453 °C  RH=26.16 %  T_ext=22.723 °C
2026-03-09 15:57:43,255  INFO      T_int=24.431 °C  RH=26.18 %  T_ext=22.698 °C
2026-03-09 15:57:53,253  INFO      T_int=24.400 °C  RH=26.20 %  T_ext=22.673 °C
2026-03-09 15:58:03,250  INFO      T_int=24.373 °C  RH=26.16 %  T_ext=22.648 °C
2026-03-09 15:58:13,251  INFO      T_int=24.345 °C  RH=26.16 %  T_ext=22.623 °C
2026-03-09 15:58:23,248  INFO      T_int=24.310 °C  RH=26.17 %  T_ext=22.623 °C
2026-03-09 15:58:33,247  INFO      T_int=24.272 °C  RH=26.17 %  T_ext=22.573 °C
2026-03-09 15:58:43,247  INFO      T_int=24.252 °C  RH=26.17 %  T_ext=22.523 °C
2026-03-09 15:58:53,249  INFO      T_int=24.222 °C  RH=26.07 %  T_ext=22.548 °C
2026-03-09 15:59:03,248  INFO      T_int=24.204 °C  RH=26.07 %  T_ext=22.523 °C
2026-03-09 15:59:13,245  INFO      T_int=24.171 °C  RH=26.07 %  T_ext=22.548 °C
2026-03-09 15:59:23,242  INFO      T_int=24.146 °C  RH=26.07 %  T_ext=22.523 °C
2026-03-09 15:59:33,254  INFO      T_int=24.106 °C  RH=26.07 %  T_ext=22.498 °C
2026-03-09 15:59:43,270  INFO      T_int=24.073 °C  RH=26.11 %  T_ext=22.473 °C
2026-03-09 15:59:53,255  INFO      T_int=24.043 °C  RH=26.17 %  T_ext=22.523 °C
2026-03-09 16:00:03,254  INFO      T_int=24.025 °C  RH=26.19 %  T_ext=22.473 °C
2026-03-09 16:00:13,250  INFO      T_int=24.003 °C  RH=26.19 %  T_ext=22.398 °C
2026-03-09 16:00:23,248  INFO      T_int=23.970 °C  RH=26.19 %  T_ext=22.398 °C
2026-03-09 16:00:33,247  INFO      T_int=23.945 °C  RH=26.23 %  T_ext=22.398 °C
2026-03-09 16:00:43,248  INFO      T_int=23.917 °C  RH=26.37 %  T_ext=22.347 °C
2026-03-09 16:00:53,245  INFO      T_int=23.892 °C  RH=26.39 %  T_ext=22.322 °C
2026-03-09 16:01:03,245  INFO      T_int=23.864 °C  RH=26.49 %  T_ext=22.347 °C
2026-03-09 16:01:13,247  INFO      T_int=23.842 °C  RH=26.54 %  T_ext=22.347 °C
2026-03-09 16:01:23,251  INFO      T_int=23.824 °C  RH=26.60 %  T_ext=22.347 °C
2026-03-09 16:01:33,251  INFO      T_int=23.811 °C  RH=26.70 %  T_ext=22.322 °C
2026-03-09 16:01:43,252  INFO      T_int=23.781 °C  RH=26.70 %  T_ext=22.322 °C
2026-03-09 16:01:53,250  INFO      T_int=23.771 °C  RH=26.80 %  T_ext=22.322 °C
2026-03-09 16:02:03,250  INFO      T_int=23.741 °C  RH=26.90 %  T_ext=22.297 °C
2026-03-09 16:02:13,254  INFO      T_int=23.731 °C  RH=26.90 %  T_ext=22.322 °C
2026-03-09 16:02:23,272  INFO      T_int=23.713 °C  RH=26.90 %  T_ext=22.297 °C
2026-03-09 16:02:33,255  INFO      T_int=23.703 °C  RH=26.96 %  T_ext=22.322 °C
2026-03-09 16:02:43,272  INFO      T_int=23.701 °C  RH=27.00 %  T_ext=22.297 °C
2026-03-09 16:02:53,287  INFO      T_int=23.690 °C  RH=27.00 %  T_ext=22.297 °C
2026-03-09 16:03:03,287  INFO      T_int=23.670 °C  RH=27.02 %  T_ext=22.272 °C
2026-03-09 16:03:13,301  INFO      T_int=23.658 °C  RH=27.10 %  T_ext=22.297 °C
2026-03-09 16:03:23,314  INFO      T_int=23.650 °C  RH=27.10 %  T_ext=22.297 °C
2026-03-09 16:03:33,314  INFO      T_int=23.643 °C  RH=27.10 %  T_ext=22.297 °C
2026-03-09 16:03:43,312  INFO      T_int=23.635 °C  RH=27.17 %  T_ext=22.297 °C
2026-03-09 16:03:53,325  INFO      T_int=23.630 °C  RH=27.22 %  T_ext=22.297 °C
2026-03-09 16:04:03,310  INFO      T_int=23.625 °C  RH=27.22 %  T_ext=22.297 °C
2026-03-09 16:04:13,307  INFO      T_int=23.615 °C  RH=27.22 %  T_ext=22.322 °C
2026-03-09 16:04:23,304  INFO      T_int=23.602 °C  RH=27.29 %  T_ext=22.297 °C
2026-03-09 16:04:33,302  INFO      T_int=23.587 °C  RH=27.31 %  T_ext=22.297 °C
2026-03-09 16:04:43,300  INFO      T_int=23.577 °C  RH=27.31 %  T_ext=22.297 °C
2026-03-09 16:04:53,312  INFO      T_int=23.552 °C  RH=27.35 %  T_ext=22.297 °C
2026-03-09 16:05:03,310  INFO      T_int=23.539 °C  RH=27.41 %  T_ext=22.272 °C
2026-03-09 16:05:13,304  INFO      T_int=23.522 °C  RH=27.41 %  T_ext=22.247 °C
2026-03-09 16:05:23,302  INFO      T_int=23.509 °C  RH=27.41 %  T_ext=22.247 °C
2026-03-09 16:05:33,300  INFO      T_int=23.489 °C  RH=27.49 %  T_ext=22.196 °C
2026-03-09 16:05:43,317  INFO      T_int=23.487 °C  RH=27.51 %  T_ext=22.196 °C
2026-03-09 16:05:53,305  INFO      T_int=23.474 °C  RH=27.51 %  T_ext=22.222 °C
2026-03-09 16:06:03,300  INFO      T_int=23.456 °C  RH=27.51 %  T_ext=22.196 °C
2026-03-09 16:06:13,314  INFO      T_int=23.449 °C  RH=27.51 %  T_ext=22.171 °C
2026-03-09 16:06:23,327  INFO      T_int=23.434 °C  RH=27.51 %  T_ext=22.247 °C
2026-03-09 16:06:33,327  INFO      T_int=23.426 °C  RH=27.51 %  T_ext=22.222 °C
2026-03-09 16:06:43,337  INFO      T_int=23.419 °C  RH=27.51 %  T_ext=22.196 °C
2026-03-09 16:06:53,322  INFO      T_int=23.406 °C  RH=27.55 %  T_ext=22.196 °C
2026-03-09 16:07:03,319  INFO      T_int=23.409 °C  RH=27.59 %  T_ext=22.196 °C
2026-03-09 16:07:13,333  INFO      T_int=23.398 °C  RH=27.62 %  T_ext=22.196 °C
2026-03-09 16:07:23,321  INFO      T_int=23.403 °C  RH=27.61 %  T_ext=22.196 °C
2026-03-09 16:07:33,320  INFO      T_int=23.388 °C  RH=27.62 %  T_ext=22.222 °C
2026-03-09 16:07:43,415  INFO      T_int=23.403 °C  RH=27.64 %  T_ext=22.171 °C
2026-03-09 16:07:53,319  INFO      T_int=23.378 °C  RH=27.68 %  T_ext=22.196 °C
2026-03-09 16:08:03,317  INFO      T_int=23.388 °C  RH=27.62 %  T_ext=22.171 °C
2026-03-09 16:08:13,319  INFO      T_int=23.378 °C  RH=27.73 %  T_ext=22.196 °C
2026-03-09 16:08:23,317  INFO      T_int=23.378 °C  RH=27.73 %  T_ext=22.196 °C
2026-03-09 16:08:33,312  INFO      T_int=23.376 °C  RH=27.73 %  T_ext=22.222 °C
2026-03-09 16:08:43,324  INFO      T_int=23.376 °C  RH=27.75 %  T_ext=22.247 °C
2026-03-09 16:08:53,324  INFO      T_int=23.368 °C  RH=27.83 %  T_ext=22.247 °C
2026-03-09 16:09:03,320  INFO      T_int=23.368 °C  RH=27.83 %  T_ext=22.247 °C
2026-03-09 16:09:13,318  INFO      T_int=23.363 °C  RH=27.83 %  T_ext=22.222 °C
2026-03-09 16:09:23,319  INFO      T_int=23.353 °C  RH=27.83 %  T_ext=22.222 °C
2026-03-09 16:09:33,317  INFO      T_int=23.358 °C  RH=27.83 %  T_ext=22.196 °C
